# JRE version: OpenJDK Runtime Environment Temurin-21.0.10+7 (21.0.10+7) (build 21.0.10+7-LTS)
# Java VM: OpenJDK 64-Bit Server VM Temurin-21.0.10+7 (21.0.10+7-LTS, mixed mode, sharing, tiered, compressed oops, compressed class ptrs, parallel gc, windows-amd64)
GC Precious Log:
 CardTable entry size: 512
 CPUs: 16 total, 16 available
 Memory: 16085M
 Large Page Support: Disabled
 NUMA Support: Disabled
 Compressed Oops: Enabled (32-bit)
 Alignments: Space 512K, Generation 512K, Heap 2M
 Heap Min Capacity: 100M
 Heap Initial Capacity: 100M
 Heap Max Capacity: 2G
 Pre-touch: Disabled
 Parallel Workers: 13
Heap:
 PSYoungGen      total 17408K, used 7146K [0x00000000d5580000, 0x00000000d6e80000, 0x0000000100000000)
  eden space 15360K, 34% used [0x00000000d5580000,0x00000000d5aaa940,0x00000000d6480000)
  from space 2048K, 90% used [0x00000000d6c80000,0x00000000d6e50000,0x00000000d6e80000)
  to   space 5120K, 0% used [0x00000000d6480000,0x00000000d6480000,0x00000000d6980000)
 ParOldGen       total 90112K, used 89681K [0x0000000080000000, 0x0000000085800000, 0x00000000d5580000)
  object space 90112K, 99% used [0x0000000080000000,0x0000000085794490,0x0000000085800000)
 Metaspace       used 66641K, committed 68224K, reserved 1114112K
  class space    used 6901K, committed 7552K, reserved 1048576K
GC Heap History (20 events):
Event: 11.185 GC heap after
{Heap after GC invocations=61 (full 3):
 PSYoungGen      total 19968K, used 1536K [0x00000000d5580000, 0x00000000d6b00000, 0x0000000100000000)
  eden space 17920K, 0% used [0x00000000d5580000,0x00000000d5580000,0x00000000d6700000)
  from space 2048K, 75% used [0x00000000d6900000,0x00000000d6a80010,0x00000000d6b00000)
  to   space 2048K, 0% used [0x00000000d6700000,0x00000000d6700000,0x00000000d6900000)
 ParOldGen       total 73216K, used 72985K [0x0000000080000000, 0x0000000084780000, 0x00000000d5580000)
  object space 73216K, 99% used [0x0000000080000000,0x0000000084746688,0x0000000084780000)
 Metaspace       used 62747K, committed 64192K, reserved 1114112K
  class space    used 6483K, committed 7104K, reserved 1048576K
}
Event: 11.330 GC heap before
{Heap before GC invocations=62 (full 3):
 PSYoungGen      total 19968K, used 19456K [0x00000000d5580000, 0x00000000d6b00000, 0x0000000100000000)
  eden space 17920K, 100% used [0x00000000d5580000,0x00000000d6700000,0x00000000d6700000)
  from space 2048K, 75% used [0x00000000d6900000,0x00000000d6a80010,0x00000000d6b00000)
  to   space 2048K, 0% used [0x00000000d6700000,0x00000000d6700000,0x00000000d6900000)
 ParOldGen       total 73216K, used 72985K [0x0000000080000000, 0x0000000084780000, 0x00000000d5580000)
  object space 73216K, 99% used [0x0000000080000000,0x0000000084746688,0x0000000084780000)
 Metaspace       used 62990K, committed 64448K, reserved 1114112K
  class space    used 6492K, committed 7104K, reserved 1048576K
}
Event: 11.332 GC heap after
{Heap after GC invocations=62 (full 3):
 PSYoungGen      total 18944K, used 928K [0x00000000d5580000, 0x00000000d6a00000, 0x0000000100000000)
  eden space 17920K, 0% used [0x00000000d5580000,0x00000000d5580000,0x00000000d6700000)
  from space 1024K, 90% used [0x00000000d6700000,0x00000000d67e8000,0x00000000d6800000)
  to   space 1536K, 0% used [0x00000000d6880000,0x00000000d6880000,0x00000000d6a00000)
 ParOldGen       total 74240K, used 73929K [0x0000000080000000, 0x0000000084880000, 0x00000000d5580000)
  object space 74240K, 99% used [0x0000000080000000,0x0000000084832688,0x0000000084880000)
 Metaspace       used 62990K, committed 64448K, reserved 1114112K
  class space    used 6492K, committed 7104K, reserved 1048576K
}
Event: 11.527 GC heap before
{Heap before GC invocations=63 (full 3):
 PSYoungGen      total 18944K, used 18848K [0x00000000d5580000, 0x00000000d6a00000, 0x0000000100000000)
  eden space 17920K, 100% used [0x00000000d5580000,0x00000000d6700000,0x00000000d6700000)
  from space 1024K, 90% used [0x00000000d6700000,0x00000000d67e8000,0x00000000d6800000)
  to   space 1536K, 0% used [0x00000000d6880000,0x00000000d6880000,0x00000000d6a00000)
 ParOldGen       total 74240K, used 73929K [0x0000000080000000, 0x0000000084880000, 0x00000000d5580000)
  object space 74240K, 99% used [0x0000000080000000,0x0000000084832688,0x0000000084880000)
 Metaspace       used 63681K, committed 65152K, reserved 1114112K
  class space    used 6582K, committed 7168K, reserved 1048576K
}
Event: 11.530 GC heap after
{Heap after GC invocations=63 (full 3):
 PSYoungGen      total 19456K, used 1344K [0x00000000d5580000, 0x00000000d6a00000, 0x0000000100000000)
  eden space 17920K, 0% used [0x00000000d5580000,0x00000000d5580000,0x00000000d6700000)
  from space 1536K, 87% used [0x00000000d6880000,0x00000000d69d0000,0x00000000d6a00000)
  to   space 1536K, 0% used [0x00000000d6700000,0x00000000d6700000,0x00000000d6880000)
 ParOldGen       total 74752K, used 74665K [0x0000000080000000, 0x0000000084900000, 0x00000000d5580000)
  object space 74752K, 99% used [0x0000000080000000,0x00000000848ea438,0x0000000084900000)
 Metaspace       used 63681K, committed 65152K, reserved 1114112K
  class space    used 6582K, committed 7168K, reserved 1048576K
}
Event: 11.974 GC heap before
{Heap before GC invocations=64 (full 3):
 PSYoungGen      total 19456K, used 19264K [0x00000000d5580000, 0x00000000d6a00000, 0x0000000100000000)
  eden space 17920K, 100% used [0x00000000d5580000,0x00000000d6700000,0x00000000d6700000)
  from space 1536K, 87% used [0x00000000d6880000,0x00000000d69d0000,0x00000000d6a00000)
  to   space 1536K, 0% used [0x00000000d6700000,0x00000000d6700000,0x00000000d6880000)
 ParOldGen       total 74752K, used 74665K [0x0000000080000000, 0x0000000084900000, 0x00000000d5580000)
  object space 74752K, 99% used [0x0000000080000000,0x00000000848ea438,0x0000000084900000)
 Metaspace       used 65058K, committed 66560K, reserved 1114112K
  class space    used 6721K, committed 7360K, reserved 1048576K
}
Event: 11.975 GC heap after
{Heap after GC invocations=64 (full 3):
 PSYoungGen      total 18944K, used 789K [0x00000000d5580000, 0x00000000d6900000, 0x0000000100000000)
  eden space 17920K, 0% used [0x00000000d5580000,0x00000000d5580000,0x00000000d6700000)
  from space 1024K, 77% used [0x00000000d6700000,0x00000000d67c5430,0x00000000d6800000)
  to   space 1024K, 0% used [0x00000000d6800000,0x00000000d6800000,0x00000000d6900000)
 ParOldGen       total 76288K, used 75777K [0x0000000080000000, 0x0000000084a80000, 0x00000000d5580000)
  object space 76288K, 99% used [0x0000000080000000,0x0000000084a00438,0x0000000084a80000)
 Metaspace       used 65058K, committed 66560K, reserved 1114112K
  class space    used 6721K, committed 7360K, reserved 1048576K
}
Event: 12.404 GC heap before
{Heap before GC invocations=65 (full 3):
 PSYoungGen      total 18944K, used 18709K [0x00000000d5580000, 0x00000000d6900000, 0x0000000100000000)
  eden space 17920K, 100% used [0x00000000d5580000,0x00000000d6700000,0x00000000d6700000)
  from space 1024K, 77% used [0x00000000d6700000,0x00000000d67c5430,0x00000000d6800000)
  to   space 1024K, 0% used [0x00000000d6800000,0x00000000d6800000,0x00000000d6900000)
 ParOldGen       total 76288K, used 75777K [0x0000000080000000, 0x0000000084a80000, 0x00000000d5580000)
  object space 76288K, 99% used [0x0000000080000000,0x0000000084a00438,0x0000000084a80000)
 Metaspace       used 65079K, committed 66624K, reserved 1114112K
  class space    used 6721K, committed 7360K, reserved 1048576K
}
Event: 12.405 GC heap after
{Heap after GC invocations=65 (full 3):
 PSYoungGen      total 18432K, used 160K [0x00000000d5580000, 0x00000000d6880000, 0x0000000100000000)
  eden space 17920K, 0% used [0x00000000d5580000,0x00000000d5580000,0x00000000d6700000)
  from space 512K, 31% used [0x00000000d6800000,0x00000000d6828000,0x00000000d6880000)
  to   space 512K, 0% used [0x00000000d6780000,0x00000000d6780000,0x00000000d6800000)
 ParOldGen       total 76800K, used 76411K [0x0000000080000000, 0x0000000084b00000, 0x00000000d5580000)
  object space 76800K, 99% used [0x0000000080000000,0x0000000084a9ed10,0x0000000084b00000)
 Metaspace       used 65079K, committed 66624K, reserved 1114112K
  class space    used 6721K, committed 7360K, reserved 1048576K
}
Event: 12.576 GC heap before
{Heap before GC invocations=66 (full 3):
 PSYoungGen      total 18432K, used 18080K [0x00000000d5580000, 0x00000000d6880000, 0x0000000100000000)
  eden space 17920K, 100% used [0x00000000d5580000,0x00000000d6700000,0x00000000d6700000)
  from space 512K, 31% used [0x00000000d6800000,0x00000000d6828000,0x00000000d6880000)
  to   space 512K, 0% used [0x00000000d6780000,0x00000000d6780000,0x00000000d6800000)
 ParOldGen       total 76800K, used 76411K [0x0000000080000000, 0x0000000084b00000, 0x00000000d5580000)
  object space 76800K, 99% used [0x0000000080000000,0x0000000084a9ed10,0x0000000084b00000)
 Metaspace       used 65139K, committed 66624K, reserved 1114112K
  class space    used 6729K, committed 7360K, reserved 1048576K
}
Event: 12.578 GC heap after
{Heap after GC invocations=66 (full 3):
 PSYoungGen      total 18432K, used 507K [0x00000000d5580000, 0x00000000d6900000, 0x0000000100000000)
  eden space 17920K, 0% used [0x00000000d5580000,0x00000000d5580000,0x00000000d6700000)
  from space 512K, 99% used [0x00000000d6780000,0x00000000d67fed20,0x00000000d6800000)
  to   space 1024K, 0% used [0x00000000d6800000,0x00000000d6800000,0x00000000d6900000)
 ParOldGen       total 76800K, used 76475K [0x0000000080000000, 0x0000000084b00000, 0x00000000d5580000)
  object space 76800K, 99% used [0x0000000080000000,0x0000000084aaed10,0x0000000084b00000)
 Metaspace       used 65139K, committed 66624K, reserved 1114112K
  class space    used 6729K, committed 7360K, reserved 1048576K
}
Event: 12.650 GC heap before
{Heap before GC invocations=67 (full 3):
 PSYoungGen      total 18432K, used 18427K [0x00000000d5580000, 0x00000000d6900000, 0x0000000100000000)
  eden space 17920K, 100% used [0x00000000d5580000,0x00000000d6700000,0x00000000d6700000)
  from space 512K, 99% used [0x00000000d6780000,0x00000000d67fed20,0x00000000d6800000)
  to   space 1024K, 0% used [0x00000000d6800000,0x00000000d6800000,0x00000000d6900000)
 ParOldGen       total 76800K, used 76475K [0x0000000080000000, 0x0000000084b00000, 0x00000000d5580000)
  object space 76800K, 99% used [0x0000000080000000,0x0000000084aaed10,0x0000000084b00000)
 Metaspace       used 65228K, committed 66688K, reserved 1114112K
  class space    used 6743K, committed 7360K, reserved 1048576K
}
Event: 12.651 GC heap after
{Heap after GC invocations=67 (full 3):
 PSYoungGen      total 18432K, used 1005K [0x00000000d5580000, 0x00000000d6a00000, 0x0000000100000000)
  eden space 17408K, 0% used [0x00000000d5580000,0x00000000d5580000,0x00000000d6680000)
  from space 1024K, 98% used [0x00000000d6800000,0x00000000d68fb6a0,0x00000000d6900000)
  to   space 1536K, 0% used [0x00000000d6680000,0x00000000d6680000,0x00000000d6800000)
 ParOldGen       total 76800K, used 76627K [0x0000000080000000, 0x0000000084b00000, 0x00000000d5580000)
  object space 76800K, 99% used [0x0000000080000000,0x0000000084ad4d10,0x0000000084b00000)
 Metaspace       used 65228K, committed 66688K, reserved 1114112K
  class space    used 6743K, committed 7360K, reserved 1048576K
}
Event: 12.800 GC heap before
{Heap before GC invocations=68 (full 3):
 PSYoungGen      total 18432K, used 18413K [0x00000000d5580000, 0x00000000d6a00000, 0x0000000100000000)
  eden space 17408K, 100% used [0x00000000d5580000,0x00000000d6680000,0x00000000d6680000)
  from space 1024K, 98% used [0x00000000d6800000,0x00000000d68fb6a0,0x00000000d6900000)
  to   space 1536K, 0% used [0x00000000d6680000,0x00000000d6680000,0x00000000d6800000)
 ParOldGen       total 76800K, used 76627K [0x0000000080000000, 0x0000000084b00000, 0x00000000d5580000)
  object space 76800K, 99% used [0x0000000080000000,0x0000000084ad4d10,0x0000000084b00000)
 Metaspace       used 65291K, committed 66752K, reserved 1114112K
  class space    used 6761K, committed 7360K, reserved 1048576K
}
Event: 12.802 GC heap after
{Heap after GC invocations=68 (full 3):
 PSYoungGen      total 18432K, used 896K [0x00000000d5580000, 0x00000000d6880000, 0x0000000100000000)
  eden space 17408K, 0% used [0x00000000d5580000,0x00000000d5580000,0x00000000d6680000)
  from space 1024K, 87% used [0x00000000d6680000,0x00000000d6760000,0x00000000d6780000)
  to   space 1024K, 0% used [0x00000000d6780000,0x00000000d6780000,0x00000000d6880000)
 ParOldGen       total 77824K, used 77327K [0x0000000080000000, 0x0000000084c00000, 0x00000000d5580000)
  object space 77824K, 99% used [0x0000000080000000,0x0000000084b83d20,0x0000000084c00000)
 Metaspace       used 65291K, committed 66752K, reserved 1114112K
  class space    used 6761K, committed 7360K, reserved 1048576K
}
Event: 12.952 GC heap before
{Heap before GC invocations=69 (full 3):
 PSYoungGen      total 18432K, used 18304K [0x00000000d5580000, 0x00000000d6880000, 0x0000000100000000)
  eden space 17408K, 100% used [0x00000000d5580000,0x00000000d6680000,0x00000000d6680000)
  from space 1024K, 87% used [0x00000000d6680000,0x00000000d6760000,0x00000000d6780000)
  to   space 1024K, 0% used [0x00000000d6780000,0x00000000d6780000,0x00000000d6880000)
 ParOldGen       total 77824K, used 77327K [0x0000000080000000, 0x0000000084c00000, 0x00000000d5580000)
  object space 77824K, 99% used [0x0000000080000000,0x0000000084b83d20,0x0000000084c00000)
 Metaspace       used 66148K, committed 67712K, reserved 1114112K
  class space    used 6859K, committed 7488K, reserved 1048576K
}
Event: 13.956 GC heap after
{Heap after GC invocations=69 (full 3):
 PSYoungGen      total 13824K, used 1018K [0x00000000d5580000, 0x00000000d7500000, 0x0000000100000000)
  eden space 12800K, 0% used [0x00000000d5580000,0x00000000d5580000,0x00000000d6200000)
  from space 1024K, 99% used [0x00000000d6780000,0x00000000d687e948,0x00000000d6880000)
  to   space 5632K, 0% used [0x00000000d6200000,0x00000000d6200000,0x00000000d6780000)
 ParOldGen       total 81408K, used 80904K [0x0000000080000000, 0x0000000084f80000, 0x00000000d5580000)
  object space 81408K, 99% used [0x0000000080000000,0x0000000084f020e8,0x0000000084f80000)
 Metaspace       used 66148K, committed 67712K, reserved 1114112K
  class space    used 6859K, committed 7488K, reserved 1048576K
}
Event: 14.033 GC heap before
{Heap before GC invocations=70 (full 3):
 PSYoungGen      total 13824K, used 13813K [0x00000000d5580000, 0x00000000d7500000, 0x0000000100000000)
  eden space 12800K, 99% used [0x00000000d5580000,0x00000000d61fec20,0x00000000d6200000)
  from space 1024K, 99% used [0x00000000d6780000,0x00000000d687e948,0x00000000d6880000)
  to   space 5632K, 0% used [0x00000000d6200000,0x00000000d6200000,0x00000000d6780000)
 ParOldGen       total 81408K, used 80904K [0x0000000080000000, 0x0000000084f80000, 0x00000000d5580000)
  object space 81408K, 99% used [0x0000000080000000,0x0000000084f020e8,0x0000000084f80000)
 Metaspace       used 66526K, committed 68032K, reserved 1114112K
  class space    used 6891K, committed 7488K, reserved 1048576K
}
Event: 14.036 GC heap after
{Heap after GC invocations=70 (full 3):
 PSYoungGen      total 18432K, used 5608K [0x00000000d5580000, 0x00000000d7700000, 0x0000000100000000)
  eden space 12800K, 0% used [0x00000000d5580000,0x00000000d5580000,0x00000000d6200000)
  from space 5632K, 99% used [0x00000000d6200000,0x00000000d677a1f0,0x00000000d6780000)
  to   space 10752K, 0% used [0x00000000d6c80000,0x00000000d6c80000,0x00000000d7700000)
 ParOldGen       total 84992K, used 84825K [0x0000000080000000, 0x0000000085300000, 0x00000000d5580000)
  object space 84992K, 99% used [0x0000000080000000,0x00000000852d67a8,0x0000000085300000)
 Metaspace       used 66526K, committed 68032K, reserved 1114112K
  class space    used 6891K, committed 7488K, reserved 1048576K
}
Event: 14.133 GC heap before
{Heap before GC invocations=71 (full 3):
 PSYoungGen      total 18432K, used 18408K [0x00000000d5580000, 0x00000000d7700000, 0x0000000100000000)
  eden space 12800K, 100% used [0x00000000d5580000,0x00000000d6200000,0x00000000d6200000)
  from space 5632K, 99% used [0x00000000d6200000,0x00000000d677a1f0,0x00000000d6780000)
  to   space 10752K, 0% used [0x00000000d6c80000,0x00000000d6c80000,0x00000000d7700000)
 ParOldGen       total 84992K, used 84825K [0x0000000080000000, 0x0000000085300000, 0x00000000d5580000)
  object space 84992K, 99% used [0x0000000080000000,0x00000000852d67a8,0x0000000085300000)
 Metaspace       used 66624K, committed 68160K, reserved 1114112K
  class space    used 6901K, committed 7552K, reserved 1048576K
}

