# JRE version: OpenJDK Runtime Environment Temurin-21.0.10+7 (21.0.10+7) (build 21.0.10+7-LTS)
# Java VM: OpenJDK 64-Bit Server VM Temurin-21.0.10+7 (21.0.10+7-LTS, mixed mode, sharing, tiered, compressed oops, compressed class ptrs, parallel gc, windows-amd64)
GC Precious Log:
 CardTable entry size: 512
 CPUs: 16 total, 16 available
 Memory: 16085M
 Large Page Support: Disabled
 NUMA Support: Disabled
 Compressed Oops: Enabled (32-bit)
 Alignments: Space 512K, Generation 512K, Heap 2M
 Heap Min Capacity: 100M
 Heap Initial Capacity: 100M
 Heap Max Capacity: 2G
 Pre-touch: Disabled
 Parallel Workers: 13
Heap:
 PSYoungGen      total 7680K, used 6256K [0x00000000d5580000, 0x00000000d6280000, 0x0000000100000000)
  eden space 5632K, 74% used [0x00000000d5580000,0x00000000d599eae0,0x00000000d5b00000)
  from space 2048K, 99% used [0x00000000d6080000,0x00000000d627d750,0x00000000d6280000)
  to   space 3072K, 0% used [0x00000000d5c80000,0x00000000d5c80000,0x00000000d5f80000)
 ParOldGen       total 133120K, used 132880K [0x0000000080000000, 0x0000000088200000, 0x00000000d5580000)
  object space 133120K, 99% used [0x0000000080000000,0x00000000881c4360,0x0000000088200000)
 Metaspace       used 68188K, committed 69696K, reserved 1114112K
  class space    used 7149K, committed 7808K, reserved 1048576K
GC Heap History (20 events):
Event: 139.613 GC heap before
{Heap before GC invocations=122 (full 3):
 PSYoungGen      total 10752K, used 10736K [0x00000000d5580000, 0x00000000d6a80000, 0x0000000100000000)
  eden space 9216K, 100% used [0x00000000d5580000,0x00000000d5e80000,0x00000000d5e80000)
  from space 1536K, 98% used [0x00000000d6300000,0x00000000d647c150,0x00000000d6480000)
  to   space 4608K, 0% used [0x00000000d5e80000,0x00000000d5e80000,0x00000000d6300000)
 ParOldGen       total 114688K, used 114424K [0x0000000080000000, 0x0000000087000000, 0x00000000d5580000)
  object space 114688K, 99% used [0x0000000080000000,0x0000000086fbe190,0x0000000087000000)
 Metaspace       used 66977K, committed 68544K, reserved 1114112K
  class space    used 7050K, committed 7744K, reserved 1048576K
}
Event: 139.617 GC heap after
{Heap after GC invocations=122 (full 3):
 PSYoungGen      total 10752K, used 1348K [0x00000000d5580000, 0x00000000d6380000, 0x0000000100000000)
  eden space 9216K, 0% used [0x00000000d5580000,0x00000000d5580000,0x00000000d5e80000)
  from space 1536K, 87% used [0x00000000d5e80000,0x00000000d5fd1230,0x00000000d6000000)
  to   space 2560K, 0% used [0x00000000d6100000,0x00000000d6100000,0x00000000d6380000)
 ParOldGen       total 116224K, used 115988K [0x0000000080000000, 0x0000000087180000, 0x00000000d5580000)
  object space 116224K, 99% used [0x0000000080000000,0x00000000871450b8,0x0000000087180000)
 Metaspace       used 66977K, committed 68544K, reserved 1114112K
  class space    used 7050K, committed 7744K, reserved 1048576K
}
Event: 139.680 GC heap before
{Heap before GC invocations=123 (full 3):
 PSYoungGen      total 10752K, used 10564K [0x00000000d5580000, 0x00000000d6380000, 0x0000000100000000)
  eden space 9216K, 100% used [0x00000000d5580000,0x00000000d5e80000,0x00000000d5e80000)
  from space 1536K, 87% used [0x00000000d5e80000,0x00000000d5fd1230,0x00000000d6000000)
  to   space 2560K, 0% used [0x00000000d6100000,0x00000000d6100000,0x00000000d6380000)
 ParOldGen       total 116224K, used 115988K [0x0000000080000000, 0x0000000087180000, 0x00000000d5580000)
  object space 116224K, 99% used [0x0000000080000000,0x00000000871450b8,0x0000000087180000)
 Metaspace       used 67123K, committed 68672K, reserved 1114112K
  class space    used 7052K, committed 7744K, reserved 1048576K
}
Event: 139.682 GC heap after
{Heap after GC invocations=123 (full 3):
 PSYoungGen      total 11264K, used 1628K [0x00000000d5580000, 0x00000000d6300000, 0x0000000100000000)
  eden space 9216K, 0% used [0x00000000d5580000,0x00000000d5580000,0x00000000d5e80000)
  from space 2048K, 79% used [0x00000000d6100000,0x00000000d62972c0,0x00000000d6300000)
  to   space 2048K, 0% used [0x00000000d5f00000,0x00000000d5f00000,0x00000000d6100000)
 ParOldGen       total 117248K, used 117100K [0x0000000080000000, 0x0000000087280000, 0x00000000d5580000)
  object space 117248K, 99% used [0x0000000080000000,0x000000008725b200,0x0000000087280000)
 Metaspace       used 67123K, committed 68672K, reserved 1114112K
  class space    used 7052K, committed 7744K, reserved 1048576K
}
Event: 146.464 GC heap before
{Heap before GC invocations=124 (full 3):
 PSYoungGen      total 11264K, used 10844K [0x00000000d5580000, 0x00000000d6300000, 0x0000000100000000)
  eden space 9216K, 100% used [0x00000000d5580000,0x00000000d5e80000,0x00000000d5e80000)
  from space 2048K, 79% used [0x00000000d6100000,0x00000000d62972c0,0x00000000d6300000)
  to   space 2048K, 0% used [0x00000000d5f00000,0x00000000d5f00000,0x00000000d6100000)
 ParOldGen       total 117248K, used 117100K [0x0000000080000000, 0x0000000087280000, 0x00000000d5580000)
  object space 117248K, 99% used [0x0000000080000000,0x000000008725b200,0x0000000087280000)
 Metaspace       used 67284K, committed 68800K, reserved 1114112K
  class space    used 7059K, committed 7744K, reserved 1048576K
}
Event: 146.465 GC heap after
{Heap after GC invocations=124 (full 3):
 PSYoungGen      total 9728K, used 480K [0x00000000d5580000, 0x00000000d6180000, 0x0000000100000000)
  eden space 9216K, 0% used [0x00000000d5580000,0x00000000d5580000,0x00000000d5e80000)
  from space 512K, 93% used [0x00000000d5f00000,0x00000000d5f78020,0x00000000d5f80000)
  to   space 1024K, 0% used [0x00000000d6080000,0x00000000d6080000,0x00000000d6180000)
 ParOldGen       total 118272K, used 117857K [0x0000000080000000, 0x0000000087380000, 0x00000000d5580000)
  object space 118272K, 99% used [0x0000000080000000,0x00000000873184e8,0x0000000087380000)
 Metaspace       used 67284K, committed 68800K, reserved 1114112K
  class space    used 7059K, committed 7744K, reserved 1048576K
}
Event: 146.517 GC heap before
{Heap before GC invocations=125 (full 3):
 PSYoungGen      total 9728K, used 9608K [0x00000000d5580000, 0x00000000d6180000, 0x0000000100000000)
  eden space 9216K, 99% used [0x00000000d5580000,0x00000000d5e6a370,0x00000000d5e80000)
  from space 512K, 93% used [0x00000000d5f00000,0x00000000d5f78020,0x00000000d5f80000)
  to   space 1024K, 0% used [0x00000000d6080000,0x00000000d6080000,0x00000000d6180000)
 ParOldGen       total 118272K, used 117857K [0x0000000080000000, 0x0000000087380000, 0x00000000d5580000)
  object space 118272K, 99% used [0x0000000080000000,0x00000000873184e8,0x0000000087380000)
 Metaspace       used 67566K, committed 69056K, reserved 1114112K
  class space    used 7088K, committed 7744K, reserved 1048576K
}
Event: 146.519 GC heap after
{Heap after GC invocations=125 (full 3):
 PSYoungGen      total 6656K, used 1009K [0x00000000d5580000, 0x00000000d6980000, 0x0000000100000000)
  eden space 5632K, 0% used [0x00000000d5580000,0x00000000d5580000,0x00000000d5b00000)
  from space 1024K, 98% used [0x00000000d6080000,0x00000000d617c768,0x00000000d6180000)
  to   space 5632K, 0% used [0x00000000d5b00000,0x00000000d5b00000,0x00000000d6080000)
 ParOldGen       total 121344K, used 121329K [0x0000000080000000, 0x0000000087680000, 0x00000000d5580000)
  object space 121344K, 99% used [0x0000000080000000,0x000000008767c468,0x0000000087680000)
 Metaspace       used 67566K, committed 69056K, reserved 1114112K
  class space    used 7088K, committed 7744K, reserved 1048576K
}
Event: 146.551 GC heap before
{Heap before GC invocations=126 (full 3):
 PSYoungGen      total 6656K, used 6641K [0x00000000d5580000, 0x00000000d6980000, 0x0000000100000000)
  eden space 5632K, 100% used [0x00000000d5580000,0x00000000d5b00000,0x00000000d5b00000)
  from space 1024K, 98% used [0x00000000d6080000,0x00000000d617c768,0x00000000d6180000)
  to   space 5632K, 0% used [0x00000000d5b00000,0x00000000d5b00000,0x00000000d6080000)
 ParOldGen       total 121344K, used 121329K [0x0000000080000000, 0x0000000087680000, 0x00000000d5580000)
  object space 121344K, 99% used [0x0000000080000000,0x000000008767c468,0x0000000087680000)
 Metaspace       used 67648K, committed 69184K, reserved 1114112K
  class space    used 7109K, committed 7808K, reserved 1048576K
}
Event: 146.553 GC heap after
{Heap after GC invocations=126 (full 3):
 PSYoungGen      total 9728K, used 3669K [0x00000000d5580000, 0x00000000d6300000, 0x0000000100000000)
  eden space 5632K, 0% used [0x00000000d5580000,0x00000000d5580000,0x00000000d5b00000)
  from space 4096K, 89% used [0x00000000d5b00000,0x00000000d5e95710,0x00000000d5f00000)
  to   space 4096K, 0% used [0x00000000d5f00000,0x00000000d5f00000,0x00000000d6300000)
 ParOldGen       total 122368K, used 122313K [0x0000000080000000, 0x0000000087780000, 0x00000000d5580000)
  object space 122368K, 99% used [0x0000000080000000,0x00000000877724d8,0x0000000087780000)
 Metaspace       used 67648K, committed 69184K, reserved 1114112K
  class space    used 7109K, committed 7808K, reserved 1048576K
}
Event: 146.575 GC heap before
{Heap before GC invocations=127 (full 3):
 PSYoungGen      total 9728K, used 9301K [0x00000000d5580000, 0x00000000d6300000, 0x0000000100000000)
  eden space 5632K, 100% used [0x00000000d5580000,0x00000000d5b00000,0x00000000d5b00000)
  from space 4096K, 89% used [0x00000000d5b00000,0x00000000d5e95710,0x00000000d5f00000)
  to   space 4096K, 0% used [0x00000000d5f00000,0x00000000d5f00000,0x00000000d6300000)
 ParOldGen       total 122368K, used 122313K [0x0000000080000000, 0x0000000087780000, 0x00000000d5580000)
  object space 122368K, 99% used [0x0000000080000000,0x00000000877724d8,0x0000000087780000)
 Metaspace       used 67662K, committed 69184K, reserved 1114112K
  class space    used 7110K, committed 7808K, reserved 1048576K
}
Event: 146.578 GC heap after
{Heap after GC invocations=127 (full 3):
 PSYoungGen      total 7680K, used 1985K [0x00000000d5580000, 0x00000000d6100000, 0x0000000100000000)
  eden space 5632K, 0% used [0x00000000d5580000,0x00000000d5580000,0x00000000d5b00000)
  from space 2048K, 96% used [0x00000000d5f00000,0x00000000d60f0648,0x00000000d6100000)
  to   space 3072K, 0% used [0x00000000d5b00000,0x00000000d5b00000,0x00000000d5e00000)
 ParOldGen       total 125952K, used 125739K [0x0000000080000000, 0x0000000087b00000, 0x00000000d5580000)
  object space 125952K, 99% used [0x0000000080000000,0x0000000087acada0,0x0000000087b00000)
 Metaspace       used 67662K, committed 69184K, reserved 1114112K
  class space    used 7110K, committed 7808K, reserved 1048576K
}
Event: 146.598 GC heap before
{Heap before GC invocations=128 (full 3):
 PSYoungGen      total 7680K, used 7617K [0x00000000d5580000, 0x00000000d6100000, 0x0000000100000000)
  eden space 5632K, 100% used [0x00000000d5580000,0x00000000d5b00000,0x00000000d5b00000)
  from space 2048K, 96% used [0x00000000d5f00000,0x00000000d60f0648,0x00000000d6100000)
  to   space 3072K, 0% used [0x00000000d5b00000,0x00000000d5b00000,0x00000000d5e00000)
 ParOldGen       total 125952K, used 125739K [0x0000000080000000, 0x0000000087b00000, 0x00000000d5580000)
  object space 125952K, 99% used [0x0000000080000000,0x0000000087acada0,0x0000000087b00000)
 Metaspace       used 67679K, committed 69248K, reserved 1114112K
  class space    used 7110K, committed 7808K, reserved 1048576K
}
Event: 146.600 GC heap after
{Heap after GC invocations=128 (full 3):
 PSYoungGen      total 7168K, used 1466K [0x00000000d5580000, 0x00000000d5f80000, 0x0000000100000000)
  eden space 5632K, 0% used [0x00000000d5580000,0x00000000d5580000,0x00000000d5b00000)
  from space 1536K, 95% used [0x00000000d5b00000,0x00000000d5c6e900,0x00000000d5c80000)
  to   space 2048K, 0% used [0x00000000d5d80000,0x00000000d5d80000,0x00000000d5f80000)
 ParOldGen       total 128000K, used 127549K [0x0000000080000000, 0x0000000087d00000, 0x00000000d5580000)
  object space 128000K, 99% used [0x0000000080000000,0x0000000087c8f578,0x0000000087d00000)
 Metaspace       used 67679K, committed 69248K, reserved 1114112K
  class space    used 7110K, committed 7808K, reserved 1048576K
}
Event: 437.706 GC heap before
{Heap before GC invocations=129 (full 3):
 PSYoungGen      total 7168K, used 7098K [0x00000000d5580000, 0x00000000d5f80000, 0x0000000100000000)
  eden space 5632K, 100% used [0x00000000d5580000,0x00000000d5b00000,0x00000000d5b00000)
  from space 1536K, 95% used [0x00000000d5b00000,0x00000000d5c6e900,0x00000000d5c80000)
  to   space 2048K, 0% used [0x00000000d5d80000,0x00000000d5d80000,0x00000000d5f80000)
 ParOldGen       total 128000K, used 127549K [0x0000000080000000, 0x0000000087d00000, 0x00000000d5580000)
  object space 128000K, 99% used [0x0000000080000000,0x0000000087c8f578,0x0000000087d00000)
 Metaspace       used 67974K, committed 69504K, reserved 1114112K
  class space    used 7138K, committed 7808K, reserved 1048576K
}
Event: 437.708 GC heap after
{Heap after GC invocations=129 (full 3):
 PSYoungGen      total 7168K, used 1056K [0x00000000d5580000, 0x00000000d5f00000, 0x0000000100000000)
  eden space 5632K, 0% used [0x00000000d5580000,0x00000000d5580000,0x00000000d5b00000)
  from space 1536K, 68% used [0x00000000d5d80000,0x00000000d5e88000,0x00000000d5f00000)
  to   space 1536K, 0% used [0x00000000d5b00000,0x00000000d5b00000,0x00000000d5c80000)
 ParOldGen       total 128512K, used 128281K [0x0000000080000000, 0x0000000087d80000, 0x00000000d5580000)
  object space 128512K, 99% used [0x0000000080000000,0x0000000087d46788,0x0000000087d80000)
 Metaspace       used 67974K, committed 69504K, reserved 1114112K
  class space    used 7138K, committed 7808K, reserved 1048576K
}
Event: 437.929 GC heap before
{Heap before GC invocations=130 (full 3):
 PSYoungGen      total 7168K, used 6623K [0x00000000d5580000, 0x00000000d5f00000, 0x0000000100000000)
  eden space 5632K, 98% used [0x00000000d5580000,0x00000000d5aefd20,0x00000000d5b00000)
  from space 1536K, 68% used [0x00000000d5d80000,0x00000000d5e88000,0x00000000d5f00000)
  to   space 1536K, 0% used [0x00000000d5b00000,0x00000000d5b00000,0x00000000d5c80000)
 ParOldGen       total 128512K, used 128281K [0x0000000080000000, 0x0000000087d80000, 0x00000000d5580000)
  object space 128512K, 99% used [0x0000000080000000,0x0000000087d46788,0x0000000087d80000)
 Metaspace       used 68045K, committed 69568K, reserved 1114112K
  class space    used 7142K, committed 7808K, reserved 1048576K
}
Event: 437.930 GC heap after
{Heap after GC invocations=130 (full 3):
 PSYoungGen      total 7168K, used 1535K [0x00000000d5580000, 0x00000000d6600000, 0x0000000100000000)
  eden space 5632K, 0% used [0x00000000d5580000,0x00000000d5580000,0x00000000d5b00000)
  from space 1536K, 99% used [0x00000000d5b00000,0x00000000d5c7fea0,0x00000000d5c80000)
  to   space 5632K, 0% used [0x00000000d6080000,0x00000000d6080000,0x00000000d6600000)
 ParOldGen       total 131584K, used 131369K [0x0000000080000000, 0x0000000088080000, 0x00000000d5580000)
  object space 131584K, 99% used [0x0000000080000000,0x000000008804a738,0x0000000088080000)
 Metaspace       used 68045K, committed 69568K, reserved 1114112K
  class space    used 7142K, committed 7808K, reserved 1048576K
}
Event: 437.992 GC heap before
{Heap before GC invocations=131 (full 3):
 PSYoungGen      total 7168K, used 7167K [0x00000000d5580000, 0x00000000d6600000, 0x0000000100000000)
  eden space 5632K, 100% used [0x00000000d5580000,0x00000000d5b00000,0x00000000d5b00000)
  from space 1536K, 99% used [0x00000000d5b00000,0x00000000d5c7fea0,0x00000000d5c80000)
  to   space 5632K, 0% used [0x00000000d6080000,0x00000000d6080000,0x00000000d6600000)
 ParOldGen       total 131584K, used 131369K [0x0000000080000000, 0x0000000088080000, 0x00000000d5580000)
  object space 131584K, 99% used [0x0000000080000000,0x000000008804a738,0x0000000088080000)
 Metaspace       used 68077K, committed 69632K, reserved 1114112K
  class space    used 7142K, committed 7808K, reserved 1048576K
}
Event: 437.993 GC heap after
{Heap after GC invocations=131 (full 3):
 PSYoungGen      total 7680K, used 2037K [0x00000000d5580000, 0x00000000d6280000, 0x0000000100000000)
  eden space 5632K, 0% used [0x00000000d5580000,0x00000000d5580000,0x00000000d5b00000)
  from space 2048K, 99% used [0x00000000d6080000,0x00000000d627d750,0x00000000d6280000)
  to   space 3072K, 0% used [0x00000000d5c80000,0x00000000d5c80000,0x00000000d5f80000)
 ParOldGen       total 133120K, used 132880K [0x0000000080000000, 0x0000000088200000, 0x00000000d5580000)
  object space 133120K, 99% used [0x0000000080000000,0x00000000881c4360,0x0000000088200000)
 Metaspace       used 68077K, committed 69632K, reserved 1114112K
  class space    used 7142K, committed 7808K, reserved 1048576K
}

