# JRE version: OpenJDK Runtime Environment Temurin-21.0.10+7 (21.0.10+7) (build 21.0.10+7-LTS)
# Java VM: OpenJDK 64-Bit Server VM Temurin-21.0.10+7 (21.0.10+7-LTS, mixed mode, sharing, tiered, compressed oops, compressed class ptrs, parallel gc, windows-amd64)
GC Precious Log:
 CardTable entry size: 512
 CPUs: 16 total, 16 available
 Memory: 16085M
 Large Page Support: Disabled
 NUMA Support: Disabled
 Compressed Oops: Enabled (32-bit)
 Alignments: Space 512K, Generation 512K, Heap 2M
 Heap Min Capacity: 100M
 Heap Initial Capacity: 100M
 Heap Max Capacity: 2G
 Pre-touch: Disabled
 Parallel Workers: 13
Heap:
 PSYoungGen      total 5120K, used 4792K [0x00000000d5580000, 0x00000000d5d00000, 0x0000000100000000)
  eden space 2560K, 98% used [0x00000000d5580000,0x00000000d57f62b8,0x00000000d5800000)
  from space 2560K, 88% used [0x00000000d5a80000,0x00000000d5cb8000,0x00000000d5d00000)
  to   space 2560K, 50% used [0x00000000d5800000,0x00000000d5940000,0x00000000d5a80000)
 ParOldGen       total 707584K, used 707177K [0x0000000080000000, 0x00000000ab300000, 0x00000000d5580000)
  object space 707584K, 99% used [0x0000000080000000,0x00000000ab29e5a8,0x00000000ab300000)
 Metaspace       used 72557K, committed 74240K, reserved 1179648K
  class space    used 7360K, committed 8128K, reserved 1048576K
GC Heap History (20 events):
Event: 5566.260 GC heap before
{Heap before GC invocations=455 (full 3):
 PSYoungGen      total 2048K, used 1216K [0x00000000d5580000, 0x00000000d5b80000, 0x0000000100000000)
  eden space 512K, 100% used [0x00000000d5580000,0x00000000d5600000,0x00000000d5600000)
  from space 1536K, 45% used [0x00000000d5900000,0x00000000d59b0000,0x00000000d5a80000)
  to   space 1024K, 0% used [0x00000000d5a80000,0x00000000d5a80000,0x00000000d5b80000)
 ParOldGen       total 690688K, used 690673K [0x0000000080000000, 0x00000000aa280000, 0x00000000d5580000)
  object space 690688K, 99% used [0x0000000080000000,0x00000000aa27c748,0x00000000aa280000)
 Metaspace       used 72555K, committed 74240K, reserved 1179648K
  class space    used 7360K, committed 8128K, reserved 1048576K
}
Event: 5566.261 GC heap after
{Heap after GC invocations=455 (full 3):
 PSYoungGen      total 2048K, used 704K [0x00000000d5580000, 0x00000000d5b80000, 0x0000000100000000)
  eden space 1024K, 0% used [0x00000000d5580000,0x00000000d5580000,0x00000000d5680000)
  from space 1024K, 68% used [0x00000000d5a80000,0x00000000d5b30000,0x00000000d5b80000)
  to   space 1024K, 0% used [0x00000000d5980000,0x00000000d5980000,0x00000000d5a80000)
 ParOldGen       total 691712K, used 691201K [0x0000000080000000, 0x00000000aa380000, 0x00000000d5580000)
  object space 691712K, 99% used [0x0000000080000000,0x00000000aa300748,0x00000000aa380000)
 Metaspace       used 72555K, committed 74240K, reserved 1179648K
  class space    used 7360K, committed 8128K, reserved 1048576K
}
Event: 5566.264 GC heap before
{Heap before GC invocations=456 (full 3):
 PSYoungGen      total 2048K, used 1728K [0x00000000d5580000, 0x00000000d5b80000, 0x0000000100000000)
  eden space 1024K, 100% used [0x00000000d5580000,0x00000000d5680000,0x00000000d5680000)
  from space 1024K, 68% used [0x00000000d5a80000,0x00000000d5b30000,0x00000000d5b80000)
  to   space 1024K, 0% used [0x00000000d5980000,0x00000000d5980000,0x00000000d5a80000)
 ParOldGen       total 691712K, used 691201K [0x0000000080000000, 0x00000000aa380000, 0x00000000d5580000)
  object space 691712K, 99% used [0x0000000080000000,0x00000000aa300748,0x00000000aa380000)
 Metaspace       used 72555K, committed 74240K, reserved 1179648K
  class space    used 7360K, committed 8128K, reserved 1048576K
}
Event: 5566.266 GC heap after
{Heap after GC invocations=456 (full 3):
 PSYoungGen      total 2560K, used 992K [0x00000000d5580000, 0x00000000d5b00000, 0x0000000100000000)
  eden space 1536K, 0% used [0x00000000d5580000,0x00000000d5580000,0x00000000d5700000)
  from space 1024K, 96% used [0x00000000d5980000,0x00000000d5a78000,0x00000000d5a80000)
  to   space 512K, 0% used [0x00000000d5a80000,0x00000000d5a80000,0x00000000d5b00000)
 ParOldGen       total 692224K, used 691745K [0x0000000080000000, 0x00000000aa400000, 0x00000000d5580000)
  object space 692224K, 99% used [0x0000000080000000,0x00000000aa388748,0x00000000aa400000)
 Metaspace       used 72555K, committed 74240K, reserved 1179648K
  class space    used 7360K, committed 8128K, reserved 1048576K
}
Event: 5566.273 GC heap before
{Heap before GC invocations=457 (full 3):
 PSYoungGen      total 2560K, used 2528K [0x00000000d5580000, 0x00000000d5b00000, 0x0000000100000000)
  eden space 1536K, 100% used [0x00000000d5580000,0x00000000d5700000,0x00000000d5700000)
  from space 1024K, 96% used [0x00000000d5980000,0x00000000d5a78000,0x00000000d5a80000)
  to   space 512K, 0% used [0x00000000d5a80000,0x00000000d5a80000,0x00000000d5b00000)
 ParOldGen       total 692224K, used 691745K [0x0000000080000000, 0x00000000aa400000, 0x00000000d5580000)
  object space 692224K, 99% used [0x0000000080000000,0x00000000aa388748,0x00000000aa400000)
 Metaspace       used 72557K, committed 74240K, reserved 1179648K
  class space    used 7360K, committed 8128K, reserved 1048576K
}
Event: 5566.275 GC heap after
{Heap after GC invocations=457 (full 3):
 PSYoungGen      total 2560K, used 512K [0x00000000d5580000, 0x00000000d5c80000, 0x0000000100000000)
  eden space 2048K, 0% used [0x00000000d5580000,0x00000000d5580000,0x00000000d5780000)
  from space 512K, 100% used [0x00000000d5a80000,0x00000000d5b00000,0x00000000d5b00000)
  to   space 2560K, 0% used [0x00000000d5780000,0x00000000d5780000,0x00000000d5a00000)
 ParOldGen       total 693760K, used 693343K [0x0000000080000000, 0x00000000aa580000, 0x00000000d5580000)
  object space 693760K, 99% used [0x0000000080000000,0x00000000aa517c48,0x00000000aa580000)
 Metaspace       used 72557K, committed 74240K, reserved 1179648K
  class space    used 7360K, committed 8128K, reserved 1048576K
}
Event: 5566.292 GC heap before
{Heap before GC invocations=458 (full 3):
 PSYoungGen      total 2560K, used 2170K [0x00000000d5580000, 0x00000000d5c80000, 0x0000000100000000)
  eden space 2048K, 81% used [0x00000000d5580000,0x00000000d571ebe0,0x00000000d5780000)
  from space 512K, 100% used [0x00000000d5a80000,0x00000000d5b00000,0x00000000d5b00000)
  to   space 2560K, 0% used [0x00000000d5780000,0x00000000d5780000,0x00000000d5a00000)
 ParOldGen       total 693760K, used 693343K [0x0000000080000000, 0x00000000aa580000, 0x00000000d5580000)
  object space 693760K, 99% used [0x0000000080000000,0x00000000aa517c48,0x00000000aa580000)
 Metaspace       used 72557K, committed 74240K, reserved 1179648K
  class space    used 7360K, committed 8128K, reserved 1048576K
}
Event: 5566.294 GC heap after
{Heap after GC invocations=458 (full 3):
 PSYoungGen      total 4608K, used 1450K [0x00000000d5580000, 0x00000000d5c00000, 0x0000000100000000)
  eden space 2048K, 0% used [0x00000000d5580000,0x00000000d5580000,0x00000000d5780000)
  from space 2560K, 56% used [0x00000000d5780000,0x00000000d58ea800,0x00000000d5a00000)
  to   space 2048K, 0% used [0x00000000d5a00000,0x00000000d5a00000,0x00000000d5c00000)
 ParOldGen       total 694272K, used 693911K [0x0000000080000000, 0x00000000aa600000, 0x00000000d5580000)
  object space 694272K, 99% used [0x0000000080000000,0x00000000aa5a5c48,0x00000000aa600000)
 Metaspace       used 72557K, committed 74240K, reserved 1179648K
  class space    used 7360K, committed 8128K, reserved 1048576K
}
Event: 5566.361 GC heap before
{Heap before GC invocations=459 (full 3):
 PSYoungGen      total 4608K, used 3344K [0x00000000d5580000, 0x00000000d5c00000, 0x0000000100000000)
  eden space 2048K, 92% used [0x00000000d5580000,0x00000000d5759ab0,0x00000000d5780000)
  from space 2560K, 56% used [0x00000000d5780000,0x00000000d58ea800,0x00000000d5a00000)
  to   space 2048K, 0% used [0x00000000d5a00000,0x00000000d5a00000,0x00000000d5c00000)
 ParOldGen       total 694272K, used 693911K [0x0000000080000000, 0x00000000aa600000, 0x00000000d5580000)
  object space 694272K, 99% used [0x0000000080000000,0x00000000aa5a5c48,0x00000000aa600000)
 Metaspace       used 72557K, committed 74240K, reserved 1179648K
  class space    used 7360K, committed 8128K, reserved 1048576K
}
Event: 5566.364 GC heap after
{Heap after GC invocations=459 (full 3):
 PSYoungGen      total 3072K, used 2036K [0x00000000d5580000, 0x00000000d5e80000, 0x0000000100000000)
  eden space 1024K, 0% used [0x00000000d5580000,0x00000000d5580000,0x00000000d5680000)
  from space 2048K, 99% used [0x00000000d5a00000,0x00000000d5bfd000,0x00000000d5c00000)
  to   space 3584K, 0% used [0x00000000d5680000,0x00000000d5680000,0x00000000d5a00000)
 ParOldGen       total 694784K, used 694759K [0x0000000080000000, 0x00000000aa680000, 0x00000000d5580000)
  object space 694784K, 99% used [0x0000000080000000,0x00000000aa679c48,0x00000000aa680000)
 Metaspace       used 72557K, committed 74240K, reserved 1179648K
  class space    used 7360K, committed 8128K, reserved 1048576K
}
Event: 5566.394 GC heap before
{Heap before GC invocations=460 (full 3):
 PSYoungGen      total 3072K, used 3060K [0x00000000d5580000, 0x00000000d5e80000, 0x0000000100000000)
  eden space 1024K, 100% used [0x00000000d5580000,0x00000000d5680000,0x00000000d5680000)
  from space 2048K, 99% used [0x00000000d5a00000,0x00000000d5bfd000,0x00000000d5c00000)
  to   space 3584K, 0% used [0x00000000d5680000,0x00000000d5680000,0x00000000d5a00000)
 ParOldGen       total 695808K, used 695739K [0x0000000080000000, 0x00000000aa780000, 0x00000000d5580000)
  object space 695808K, 99% used [0x0000000080000000,0x00000000aa76ec48,0x00000000aa780000)
 Metaspace       used 72557K, committed 74240K, reserved 1179648K
  class space    used 7360K, committed 8128K, reserved 1048576K
}
Event: 5566.407 GC heap after
{Heap after GC invocations=460 (full 3):
 PSYoungGen      total 2560K, used 1396K [0x00000000d5580000, 0x00000000d5a80000, 0x0000000100000000)
  eden space 1024K, 0% used [0x00000000d5580000,0x00000000d5580000,0x00000000d5680000)
  from space 1536K, 90% used [0x00000000d5680000,0x00000000d57dd000,0x00000000d5800000)
  to   space 2048K, 0% used [0x00000000d5880000,0x00000000d5880000,0x00000000d5a80000)
 ParOldGen       total 696832K, used 696659K [0x0000000080000000, 0x00000000aa880000, 0x00000000d5580000)
  object space 696832K, 99% used [0x0000000080000000,0x00000000aa854c48,0x00000000aa880000)
 Metaspace       used 72557K, committed 74240K, reserved 1179648K
  class space    used 7360K, committed 8128K, reserved 1048576K
}
Event: 5566.523 GC heap before
{Heap before GC invocations=461 (full 3):
 PSYoungGen      total 2560K, used 2079K [0x00000000d5580000, 0x00000000d5a80000, 0x0000000100000000)
  eden space 1024K, 66% used [0x00000000d5580000,0x00000000d562ae18,0x00000000d5680000)
  from space 1536K, 90% used [0x00000000d5680000,0x00000000d57dd000,0x00000000d5800000)
  to   space 2048K, 0% used [0x00000000d5880000,0x00000000d5880000,0x00000000d5a80000)
 ParOldGen       total 696832K, used 696659K [0x0000000080000000, 0x00000000aa880000, 0x00000000d5580000)
  object space 696832K, 99% used [0x0000000080000000,0x00000000aa854c48,0x00000000aa880000)
 Metaspace       used 72557K, committed 74240K, reserved 1179648K
  class space    used 7360K, committed 8128K, reserved 1048576K
}
Event: 5566.526 GC heap after
{Heap after GC invocations=461 (full 3):
 PSYoungGen      total 2048K, used 896K [0x00000000d5580000, 0x00000000d5980000, 0x0000000100000000)
  eden space 1024K, 0% used [0x00000000d5580000,0x00000000d5580000,0x00000000d5680000)
  from space 1024K, 87% used [0x00000000d5880000,0x00000000d5960000,0x00000000d5980000)
  to   space 1536K, 0% used [0x00000000d5680000,0x00000000d5680000,0x00000000d5800000)
 ParOldGen       total 697856K, used 697743K [0x0000000080000000, 0x00000000aa980000, 0x00000000d5580000)
  object space 697856K, 99% used [0x0000000080000000,0x00000000aa963c48,0x00000000aa980000)
 Metaspace       used 72557K, committed 74240K, reserved 1179648K
  class space    used 7360K, committed 8128K, reserved 1048576K
}
Event: 5566.526 GC heap before
{Heap before GC invocations=462 (full 3):
 PSYoungGen      total 2048K, used 1920K [0x00000000d5580000, 0x00000000d5980000, 0x0000000100000000)
  eden space 1024K, 100% used [0x00000000d5580000,0x00000000d5680000,0x00000000d5680000)
  from space 1024K, 87% used [0x00000000d5880000,0x00000000d5960000,0x00000000d5980000)
  to   space 1536K, 0% used [0x00000000d5680000,0x00000000d5680000,0x00000000d5800000)
 ParOldGen       total 697856K, used 697743K [0x0000000080000000, 0x00000000aa980000, 0x00000000d5580000)
  object space 697856K, 99% used [0x0000000080000000,0x00000000aa963c48,0x00000000aa980000)
 Metaspace       used 72557K, committed 74240K, reserved 1179648K
  class space    used 7360K, committed 8128K, reserved 1048576K
}
Event: 5566.530 GC heap after
{Heap after GC invocations=462 (full 3):
 PSYoungGen      total 2560K, used 1218K [0x00000000d5580000, 0x00000000d5a00000, 0x0000000100000000)
  eden space 1024K, 0% used [0x00000000d5580000,0x00000000d5580000,0x00000000d5680000)
  from space 1536K, 79% used [0x00000000d5680000,0x00000000d57b0960,0x00000000d5800000)
  to   space 1536K, 0% used [0x00000000d5880000,0x00000000d5880000,0x00000000d5a00000)
 ParOldGen       total 698880K, used 698455K [0x0000000080000000, 0x00000000aaa80000, 0x00000000d5580000)
  object space 698880K, 99% used [0x0000000080000000,0x00000000aaa15c48,0x00000000aaa80000)
 Metaspace       used 72557K, committed 74240K, reserved 1179648K
  class space    used 7360K, committed 8128K, reserved 1048576K
}
Event: 5566.558 GC heap before
{Heap before GC invocations=463 (full 3):
 PSYoungGen      total 2560K, used 2242K [0x00000000d5580000, 0x00000000d5a00000, 0x0000000100000000)
  eden space 1024K, 100% used [0x00000000d5580000,0x00000000d5680000,0x00000000d5680000)
  from space 1536K, 79% used [0x00000000d5680000,0x00000000d57b0960,0x00000000d5800000)
  to   space 1536K, 0% used [0x00000000d5880000,0x00000000d5880000,0x00000000d5a00000)
 ParOldGen       total 698880K, used 698455K [0x0000000080000000, 0x00000000aaa80000, 0x00000000d5580000)
  object space 698880K, 99% used [0x0000000080000000,0x00000000aaa15c48,0x00000000aaa80000)
 Metaspace       used 72557K, committed 74240K, reserved 1179648K
  class space    used 7360K, committed 8128K, reserved 1048576K
}
Event: 5566.589 GC heap after
{Heap after GC invocations=463 (full 3):
 PSYoungGen      total 3072K, used 1216K [0x00000000d5580000, 0x00000000d5a00000, 0x0000000100000000)
  eden space 1536K, 0% used [0x00000000d5580000,0x00000000d5580000,0x00000000d5700000)
  from space 1536K, 79% used [0x00000000d5880000,0x00000000d59b0000,0x00000000d5a00000)
  to   space 1536K, 0% used [0x00000000d5700000,0x00000000d5700000,0x00000000d5880000)
 ParOldGen       total 699904K, used 699513K [0x0000000080000000, 0x00000000aab80000, 0x00000000d5580000)
  object space 699904K, 99% used [0x0000000080000000,0x00000000aab1e5a8,0x00000000aab80000)
 Metaspace       used 72557K, committed 74240K, reserved 1179648K
  class space    used 7360K, committed 8128K, reserved 1048576K
}
Event: 5566.600 GC heap before
{Heap before GC invocations=464 (full 3):
 PSYoungGen      total 3072K, used 2752K [0x00000000d5580000, 0x00000000d5a00000, 0x0000000100000000)
  eden space 1536K, 100% used [0x00000000d5580000,0x00000000d5700000,0x00000000d5700000)
  from space 1536K, 79% used [0x00000000d5880000,0x00000000d59b0000,0x00000000d5a00000)
  to   space 1536K, 0% used [0x00000000d5700000,0x00000000d5700000,0x00000000d5880000)
 ParOldGen       total 699904K, used 699513K [0x0000000080000000, 0x00000000aab80000, 0x00000000d5580000)
  object space 699904K, 99% used [0x0000000080000000,0x00000000aab1e5a8,0x00000000aab80000)
 Metaspace       used 72557K, committed 74240K, reserved 1179648K
  class space    used 7360K, committed 8128K, reserved 1048576K
}
Event: 5567.654 GC heap after
{Heap after GC invocations=464 (full 3):
 PSYoungGen      total 3072K, used 1536K [0x00000000d5580000, 0x00000000d5d80000, 0x0000000100000000)
  eden space 1536K, 0% used [0x00000000d5580000,0x00000000d5580000,0x00000000d5700000)
  from space 1536K, 100% used [0x00000000d5700000,0x00000000d5880000,0x00000000d5880000)
  to   space 3072K, 0% used [0x00000000d5a80000,0x00000000d5a80000,0x00000000d5d80000)
 ParOldGen       total 700928K, used 700609K [0x0000000080000000, 0x00000000aac80000, 0x00000000d5580000)
  object space 700928K, 99% used [0x0000000080000000,0x00000000aac305a8,0x00000000aac80000)
 Metaspace       used 72557K, committed 74240K, reserved 1179648K
  class space    used 7360K, committed 8128K, reserved 1048576K
}

