# JRE version: OpenJDK Runtime Environment Temurin-21.0.10+7 (21.0.10+7) (build 21.0.10+7-LTS)
# Java VM: OpenJDK 64-Bit Server VM Temurin-21.0.10+7 (21.0.10+7-LTS, mixed mode, sharing, tiered, compressed oops, compressed class ptrs, parallel gc, windows-amd64)
GC Precious Log:
 CardTable entry size: 512
 CPUs: 16 total, 16 available
 Memory: 16085M
 Large Page Support: Disabled
 NUMA Support: Disabled
 Compressed Oops: Enabled (32-bit)
 Alignments: Space 512K, Generation 512K, Heap 2M
 Heap Min Capacity: 100M
 Heap Initial Capacity: 100M
 Heap Max Capacity: 2G
 Pre-touch: Disabled
 Parallel Workers: 13
Heap:
 PSYoungGen      total 22528K, used 11134K [0x00000000d5580000, 0x00000000d7580000, 0x0000000100000000)
  eden space 20480K, 44% used [0x00000000d5580000,0x00000000d5e649a0,0x00000000d6980000)
  from space 2048K, 99% used [0x00000000d6b00000,0x00000000d6cfb1a0,0x00000000d6d00000)
  to   space 6144K, 0% used [0x00000000d6f80000,0x00000000d6f80000,0x00000000d7580000)
 ParOldGen       total 81408K, used 81322K [0x0000000080000000, 0x0000000084f80000, 0x00000000d5580000)
  object space 81408K, 99% used [0x0000000080000000,0x0000000084f6a8c0,0x0000000084f80000)
 Metaspace       used 65920K, committed 67392K, reserved 1114112K
  class space    used 6818K, committed 7488K, reserved 1048576K
GC Heap History (20 events):
Event: 11.063 GC heap before
{Heap before GC invocations=44 (full 3):
 PSYoungGen      total 22016K, used 22016K [0x00000000d5580000, 0x00000000d7280000, 0x0000000100000000)
  eden space 20480K, 100% used [0x00000000d5580000,0x00000000d6980000,0x00000000d6980000)
  from space 1536K, 100% used [0x00000000d7100000,0x00000000d7280000,0x00000000d7280000)
  to   space 2048K, 0% used [0x00000000d6e80000,0x00000000d6e80000,0x00000000d7080000)
 ParOldGen       total 69632K, used 69203K [0x0000000080000000, 0x0000000084400000, 0x00000000d5580000)
  object space 69632K, 99% used [0x0000000080000000,0x0000000084394d20,0x0000000084400000)
 Metaspace       used 61837K, committed 63232K, reserved 1114112K
  class space    used 6398K, committed 7040K, reserved 1048576K
}
Event: 11.064 GC heap after
{Heap after GC invocations=44 (full 3):
 PSYoungGen      total 22528K, used 1600K [0x00000000d5580000, 0x00000000d7180000, 0x0000000100000000)
  eden space 20480K, 0% used [0x00000000d5580000,0x00000000d5580000,0x00000000d6980000)
  from space 2048K, 78% used [0x00000000d6e80000,0x00000000d7010000,0x00000000d7080000)
  to   space 1024K, 0% used [0x00000000d7080000,0x00000000d7080000,0x00000000d7180000)
 ParOldGen       total 70656K, used 70409K [0x0000000080000000, 0x0000000084500000, 0x00000000d5580000)
  object space 70656K, 99% used [0x0000000080000000,0x00000000844c24c8,0x0000000084500000)
 Metaspace       used 61837K, committed 63232K, reserved 1114112K
  class space    used 6398K, committed 7040K, reserved 1048576K
}
Event: 11.109 GC heap before
{Heap before GC invocations=45 (full 3):
 PSYoungGen      total 22528K, used 22080K [0x00000000d5580000, 0x00000000d7180000, 0x0000000100000000)
  eden space 20480K, 100% used [0x00000000d5580000,0x00000000d6980000,0x00000000d6980000)
  from space 2048K, 78% used [0x00000000d6e80000,0x00000000d7010000,0x00000000d7080000)
  to   space 1024K, 0% used [0x00000000d7080000,0x00000000d7080000,0x00000000d7180000)
 ParOldGen       total 70656K, used 70409K [0x0000000080000000, 0x0000000084500000, 0x00000000d5580000)
  object space 70656K, 99% used [0x0000000080000000,0x00000000844c24c8,0x0000000084500000)
 Metaspace       used 61944K, committed 63360K, reserved 1114112K
  class space    used 6403K, committed 7040K, reserved 1048576K
}
Event: 11.110 GC heap after
{Heap after GC invocations=45 (full 3):
 PSYoungGen      total 21504K, used 1024K [0x00000000d5580000, 0x00000000d7180000, 0x0000000100000000)
  eden space 20480K, 0% used [0x00000000d5580000,0x00000000d5580000,0x00000000d6980000)
  from space 1024K, 100% used [0x00000000d7080000,0x00000000d7180000,0x00000000d7180000)
  to   space 3584K, 0% used [0x00000000d6a80000,0x00000000d6a80000,0x00000000d6e00000)
 ParOldGen       total 72704K, used 72628K [0x0000000080000000, 0x0000000084700000, 0x00000000d5580000)
  object space 72704K, 99% used [0x0000000080000000,0x00000000846ed1e8,0x0000000084700000)
 Metaspace       used 61944K, committed 63360K, reserved 1114112K
  class space    used 6403K, committed 7040K, reserved 1048576K
}
Event: 11.146 GC heap before
{Heap before GC invocations=46 (full 3):
 PSYoungGen      total 21504K, used 21504K [0x00000000d5580000, 0x00000000d7180000, 0x0000000100000000)
  eden space 20480K, 100% used [0x00000000d5580000,0x00000000d6980000,0x00000000d6980000)
  from space 1024K, 100% used [0x00000000d7080000,0x00000000d7180000,0x00000000d7180000)
  to   space 3584K, 0% used [0x00000000d6a80000,0x00000000d6a80000,0x00000000d6e00000)
 ParOldGen       total 72704K, used 72628K [0x0000000080000000, 0x0000000084700000, 0x00000000d5580000)
  object space 72704K, 99% used [0x0000000080000000,0x00000000846ed1e8,0x0000000084700000)
 Metaspace       used 62083K, committed 63488K, reserved 1114112K
  class space    used 6412K, committed 7040K, reserved 1048576K
}
Event: 11.148 GC heap after
{Heap after GC invocations=46 (full 3):
 PSYoungGen      total 24064K, used 1344K [0x00000000d5580000, 0x00000000d7100000, 0x0000000100000000)
  eden space 20480K, 0% used [0x00000000d5580000,0x00000000d5580000,0x00000000d6980000)
  from space 3584K, 37% used [0x00000000d6a80000,0x00000000d6bd0010,0x00000000d6e00000)
  to   space 2048K, 0% used [0x00000000d6f00000,0x00000000d6f00000,0x00000000d7100000)
 ParOldGen       total 73728K, used 73387K [0x0000000080000000, 0x0000000084800000, 0x00000000d5580000)
  object space 73728K, 99% used [0x0000000080000000,0x00000000847aac80,0x0000000084800000)
 Metaspace       used 62083K, committed 63488K, reserved 1114112K
  class space    used 6412K, committed 7040K, reserved 1048576K
}
Event: 11.179 GC heap before
{Heap before GC invocations=47 (full 3):
 PSYoungGen      total 24064K, used 21824K [0x00000000d5580000, 0x00000000d7100000, 0x0000000100000000)
  eden space 20480K, 100% used [0x00000000d5580000,0x00000000d6980000,0x00000000d6980000)
  from space 3584K, 37% used [0x00000000d6a80000,0x00000000d6bd0010,0x00000000d6e00000)
  to   space 2048K, 0% used [0x00000000d6f00000,0x00000000d6f00000,0x00000000d7100000)
 ParOldGen       total 73728K, used 73387K [0x0000000080000000, 0x0000000084800000, 0x00000000d5580000)
  object space 73728K, 99% used [0x0000000080000000,0x00000000847aac80,0x0000000084800000)
 Metaspace       used 62216K, committed 63616K, reserved 1114112K
  class space    used 6412K, committed 7040K, reserved 1048576K
}
Event: 11.180 GC heap after
{Heap after GC invocations=47 (full 3):
 PSYoungGen      total 22016K, used 1376K [0x00000000d5580000, 0x00000000d7080000, 0x0000000100000000)
  eden space 20480K, 0% used [0x00000000d5580000,0x00000000d5580000,0x00000000d6980000)
  from space 1536K, 89% used [0x00000000d6f00000,0x00000000d7058000,0x00000000d7080000)
  to   space 1536K, 0% used [0x00000000d6d80000,0x00000000d6d80000,0x00000000d6f00000)
 ParOldGen       total 74752K, used 74283K [0x0000000080000000, 0x0000000084900000, 0x00000000d5580000)
  object space 74752K, 99% used [0x0000000080000000,0x000000008488ac80,0x0000000084900000)
 Metaspace       used 62216K, committed 63616K, reserved 1114112K
  class space    used 6412K, committed 7040K, reserved 1048576K
}
Event: 11.461 GC heap before
{Heap before GC invocations=48 (full 3):
 PSYoungGen      total 22016K, used 21856K [0x00000000d5580000, 0x00000000d7080000, 0x0000000100000000)
  eden space 20480K, 100% used [0x00000000d5580000,0x00000000d6980000,0x00000000d6980000)
  from space 1536K, 89% used [0x00000000d6f00000,0x00000000d7058000,0x00000000d7080000)
  to   space 1536K, 0% used [0x00000000d6d80000,0x00000000d6d80000,0x00000000d6f00000)
 ParOldGen       total 74752K, used 74283K [0x0000000080000000, 0x0000000084900000, 0x00000000d5580000)
  object space 74752K, 99% used [0x0000000080000000,0x000000008488ac80,0x0000000084900000)
 Metaspace       used 63046K, committed 64448K, reserved 1114112K
  class space    used 6509K, committed 7168K, reserved 1048576K
}
Event: 11.464 GC heap after
{Heap after GC invocations=48 (full 3):
 PSYoungGen      total 22016K, used 1504K [0x00000000d5580000, 0x00000000d6f80000, 0x0000000100000000)
  eden space 20480K, 0% used [0x00000000d5580000,0x00000000d5580000,0x00000000d6980000)
  from space 1536K, 97% used [0x00000000d6d80000,0x00000000d6ef8000,0x00000000d6f00000)
  to   space 512K, 0% used [0x00000000d6f00000,0x00000000d6f00000,0x00000000d6f80000)
 ParOldGen       total 75264K, used 75154K [0x0000000080000000, 0x0000000084980000, 0x00000000d5580000)
  object space 75264K, 99% used [0x0000000080000000,0x0000000084964a30,0x0000000084980000)
 Metaspace       used 63046K, committed 64448K, reserved 1114112K
  class space    used 6509K, committed 7168K, reserved 1048576K
}
Event: 11.748 GC heap before
{Heap before GC invocations=49 (full 3):
 PSYoungGen      total 22016K, used 21984K [0x00000000d5580000, 0x00000000d6f80000, 0x0000000100000000)
  eden space 20480K, 100% used [0x00000000d5580000,0x00000000d6980000,0x00000000d6980000)
  from space 1536K, 97% used [0x00000000d6d80000,0x00000000d6ef8000,0x00000000d6f00000)
  to   space 512K, 0% used [0x00000000d6f00000,0x00000000d6f00000,0x00000000d6f80000)
 ParOldGen       total 75264K, used 75154K [0x0000000080000000, 0x0000000084980000, 0x00000000d5580000)
  object space 75264K, 99% used [0x0000000080000000,0x0000000084964a30,0x0000000084980000)
 Metaspace       used 64281K, committed 65728K, reserved 1114112K
  class space    used 6634K, committed 7296K, reserved 1048576K
}
Event: 11.749 GC heap after
{Heap after GC invocations=49 (full 3):
 PSYoungGen      total 20992K, used 512K [0x00000000d5580000, 0x00000000d6f80000, 0x0000000100000000)
  eden space 20480K, 0% used [0x00000000d5580000,0x00000000d5580000,0x00000000d6980000)
  from space 512K, 100% used [0x00000000d6f00000,0x00000000d6f80000,0x00000000d6f80000)
  to   space 2048K, 0% used [0x00000000d6b80000,0x00000000d6b80000,0x00000000d6d80000)
 ParOldGen       total 76800K, used 76311K [0x0000000080000000, 0x0000000084b00000, 0x00000000d5580000)
  object space 76800K, 99% used [0x0000000080000000,0x0000000084a85e50,0x0000000084b00000)
 Metaspace       used 64281K, committed 65728K, reserved 1114112K
  class space    used 6634K, committed 7296K, reserved 1048576K
}
Event: 12.263 GC heap before
{Heap before GC invocations=50 (full 3):
 PSYoungGen      total 20992K, used 20992K [0x00000000d5580000, 0x00000000d6f80000, 0x0000000100000000)
  eden space 20480K, 100% used [0x00000000d5580000,0x00000000d6980000,0x00000000d6980000)
  from space 512K, 100% used [0x00000000d6f00000,0x00000000d6f80000,0x00000000d6f80000)
  to   space 2048K, 0% used [0x00000000d6b80000,0x00000000d6b80000,0x00000000d6d80000)
 ParOldGen       total 76800K, used 76311K [0x0000000080000000, 0x0000000084b00000, 0x00000000d5580000)
  object space 76800K, 99% used [0x0000000080000000,0x0000000084a85e50,0x0000000084b00000)
 Metaspace       used 64481K, committed 65920K, reserved 1114112K
  class space    used 6647K, committed 7296K, reserved 1048576K
}
Event: 12.265 GC heap after
{Heap after GC invocations=50 (full 3):
 PSYoungGen      total 22528K, used 416K [0x00000000d5580000, 0x00000000d6f80000, 0x0000000100000000)
  eden space 20480K, 0% used [0x00000000d5580000,0x00000000d5580000,0x00000000d6980000)
  from space 2048K, 20% used [0x00000000d6b80000,0x00000000d6be8000,0x00000000d6d80000)
  to   space 1024K, 0% used [0x00000000d6e80000,0x00000000d6e80000,0x00000000d6f80000)
 ParOldGen       total 76800K, used 76784K [0x0000000080000000, 0x0000000084b00000, 0x00000000d5580000)
  object space 76800K, 99% used [0x0000000080000000,0x0000000084afc170,0x0000000084b00000)
 Metaspace       used 64481K, committed 65920K, reserved 1114112K
  class space    used 6647K, committed 7296K, reserved 1048576K
}
Event: 12.500 GC heap before
{Heap before GC invocations=51 (full 3):
 PSYoungGen      total 22528K, used 20896K [0x00000000d5580000, 0x00000000d6f80000, 0x0000000100000000)
  eden space 20480K, 100% used [0x00000000d5580000,0x00000000d6980000,0x00000000d6980000)
  from space 2048K, 20% used [0x00000000d6b80000,0x00000000d6be8000,0x00000000d6d80000)
  to   space 1024K, 0% used [0x00000000d6e80000,0x00000000d6e80000,0x00000000d6f80000)
 ParOldGen       total 76800K, used 76784K [0x0000000080000000, 0x0000000084b00000, 0x00000000d5580000)
  object space 76800K, 99% used [0x0000000080000000,0x0000000084afc170,0x0000000084b00000)
 Metaspace       used 64541K, committed 65984K, reserved 1114112K
  class space    used 6655K, committed 7296K, reserved 1048576K
}
Event: 12.501 GC heap after
{Heap after GC invocations=51 (full 3):
 PSYoungGen      total 21504K, used 525K [0x00000000d5580000, 0x00000000d6f80000, 0x0000000100000000)
  eden space 20480K, 0% used [0x00000000d5580000,0x00000000d5580000,0x00000000d6980000)
  from space 1024K, 51% used [0x00000000d6e80000,0x00000000d6f036a0,0x00000000d6f80000)
  to   space 1024K, 0% used [0x00000000d6d80000,0x00000000d6d80000,0x00000000d6e80000)
 ParOldGen       total 77312K, used 76888K [0x0000000080000000, 0x0000000084b80000, 0x00000000d5580000)
  object space 77312K, 99% used [0x0000000080000000,0x0000000084b16170,0x0000000084b80000)
 Metaspace       used 64541K, committed 65984K, reserved 1114112K
  class space    used 6655K, committed 7296K, reserved 1048576K
}
Event: 12.599 GC heap before
{Heap before GC invocations=52 (full 3):
 PSYoungGen      total 21504K, used 21005K [0x00000000d5580000, 0x00000000d6f80000, 0x0000000100000000)
  eden space 20480K, 100% used [0x00000000d5580000,0x00000000d6980000,0x00000000d6980000)
  from space 1024K, 51% used [0x00000000d6e80000,0x00000000d6f036a0,0x00000000d6f80000)
  to   space 1024K, 0% used [0x00000000d6d80000,0x00000000d6d80000,0x00000000d6e80000)
 ParOldGen       total 77312K, used 76888K [0x0000000080000000, 0x0000000084b80000, 0x00000000d5580000)
  object space 77312K, 99% used [0x0000000080000000,0x0000000084b16170,0x0000000084b80000)
 Metaspace       used 64637K, committed 66048K, reserved 1114112K
  class space    used 6670K, committed 7296K, reserved 1048576K
}
Event: 12.600 GC heap after
{Heap after GC invocations=52 (full 3):
 PSYoungGen      total 21504K, used 992K [0x00000000d5580000, 0x00000000d6f00000, 0x0000000100000000)
  eden space 20480K, 0% used [0x00000000d5580000,0x00000000d5580000,0x00000000d6980000)
  from space 1024K, 96% used [0x00000000d6d80000,0x00000000d6e78000,0x00000000d6e80000)
  to   space 512K, 0% used [0x00000000d6e80000,0x00000000d6e80000,0x00000000d6f00000)
 ParOldGen       total 77312K, used 77056K [0x0000000080000000, 0x0000000084b80000, 0x00000000d5580000)
  object space 77312K, 99% used [0x0000000080000000,0x0000000084b40170,0x0000000084b80000)
 Metaspace       used 64637K, committed 66048K, reserved 1114112K
  class space    used 6670K, committed 7296K, reserved 1048576K
}
Event: 12.865 GC heap before
{Heap before GC invocations=53 (full 3):
 PSYoungGen      total 21504K, used 21472K [0x00000000d5580000, 0x00000000d6f00000, 0x0000000100000000)
  eden space 20480K, 100% used [0x00000000d5580000,0x00000000d6980000,0x00000000d6980000)
  from space 1024K, 96% used [0x00000000d6d80000,0x00000000d6e78000,0x00000000d6e80000)
  to   space 512K, 0% used [0x00000000d6e80000,0x00000000d6e80000,0x00000000d6f00000)
 ParOldGen       total 77312K, used 77056K [0x0000000080000000, 0x0000000084b80000, 0x00000000d5580000)
  object space 77312K, 99% used [0x0000000080000000,0x0000000084b40170,0x0000000084b80000)
 Metaspace       used 65061K, committed 66496K, reserved 1114112K
  class space    used 6733K, committed 7360K, reserved 1048576K
}
Event: 12.866 GC heap after
{Heap after GC invocations=53 (full 3):
 PSYoungGen      total 20992K, used 504K [0x00000000d5580000, 0x00000000d6f00000, 0x0000000100000000)
  eden space 20480K, 0% used [0x00000000d5580000,0x00000000d5580000,0x00000000d6980000)
  from space 512K, 98% used [0x00000000d6e80000,0x00000000d6efe1a8,0x00000000d6f00000)
  to   space 2048K, 0% used [0x00000000d6b00000,0x00000000d6b00000,0x00000000d6d00000)
 ParOldGen       total 78336K, used 78181K [0x0000000080000000, 0x0000000084c80000, 0x00000000d5580000)
  object space 78336K, 99% used [0x0000000080000000,0x0000000084c595d0,0x0000000084c80000)
 Metaspace       used 65061K, committed 66496K, reserved 1114112K
  class space    used 6733K, committed 7360K, reserved 1048576K
}

