# JRE version: OpenJDK Runtime Environment Temurin-21.0.10+7 (21.0.10+7) (build 21.0.10+7-LTS)
# Java VM: OpenJDK 64-Bit Server VM Temurin-21.0.10+7 (21.0.10+7-LTS, mixed mode, sharing, tiered, compressed oops, compressed class ptrs, parallel gc, windows-amd64)
GC Precious Log:
 CardTable entry size: 512
 CPUs: 16 total, 16 available
 Memory: 16085M
 Large Page Support: Disabled
 NUMA Support: Disabled
 Compressed Oops: Enabled (32-bit)
 Alignments: Space 512K, Generation 512K, Heap 2M
 Heap Min Capacity: 100M
 Heap Initial Capacity: 100M
 Heap Max Capacity: 2G
 Pre-touch: Disabled
 Parallel Workers: 13
Heap:
 PSYoungGen      total 6144K, used 5433K [0x00000000d5580000, 0x00000000d5f80000, 0x0000000100000000)
  eden space 3072K, 89% used [0x00000000d5580000,0x00000000d5832830,0x00000000d5880000)
  from space 3072K, 86% used [0x00000000d5c80000,0x00000000d5f1bd00,0x00000000d5f80000)
  to   space 3072K, 0% used [0x00000000d5980000,0x00000000d5980000,0x00000000d5c80000)
 ParOldGen       total 483840K, used 236952K [0x0000000080000000, 0x000000009d880000, 0x00000000d5580000)
  object space 483840K, 48% used [0x0000000080000000,0x000000008e766090,0x000000009d880000)
 Metaspace       used 81311K, committed 83072K, reserved 1179648K
  class space    used 8330K, committed 9088K, reserved 1048576K
GC Heap History (20 events):
Event: 1751.533 GC heap before
{Heap before GC invocations=2267 (full 4):
 PSYoungGen      total 4096K, used 3694K [0x00000000d5580000, 0x00000000d5c00000, 0x0000000100000000)
  eden space 3072K, 100% used [0x00000000d5580000,0x00000000d5880000,0x00000000d5880000)
  from space 1024K, 60% used [0x00000000d5b00000,0x00000000d5b9bb40,0x00000000d5c00000)
  to   space 1024K, 0% used [0x00000000d5a00000,0x00000000d5a00000,0x00000000d5b00000)
 ParOldGen       total 483840K, used 228687K [0x0000000080000000, 0x000000009d880000, 0x00000000d5580000)
  object space 483840K, 47% used [0x0000000080000000,0x000000008df53e50,0x000000009d880000)
 Metaspace       used 81245K, committed 82944K, reserved 1179648K
  class space    used 8330K, committed 9088K, reserved 1048576K
}
Event: 1751.534 GC heap after
{Heap after GC invocations=2267 (full 4):
 PSYoungGen      total 4096K, used 416K [0x00000000d5580000, 0x00000000d5b80000, 0x0000000100000000)
  eden space 3072K, 0% used [0x00000000d5580000,0x00000000d5580000,0x00000000d5880000)
  from space 1024K, 40% used [0x00000000d5a00000,0x00000000d5a68000,0x00000000d5b00000)
  to   space 512K, 0% used [0x00000000d5b00000,0x00000000d5b00000,0x00000000d5b80000)
 ParOldGen       total 483840K, used 228911K [0x0000000080000000, 0x000000009d880000, 0x00000000d5580000)
  object space 483840K, 47% used [0x0000000080000000,0x000000008df8be90,0x000000009d880000)
 Metaspace       used 81245K, committed 82944K, reserved 1179648K
  class space    used 8330K, committed 9088K, reserved 1048576K
}
Event: 1751.615 GC heap before
{Heap before GC invocations=2268 (full 4):
 PSYoungGen      total 4096K, used 3488K [0x00000000d5580000, 0x00000000d5b80000, 0x0000000100000000)
  eden space 3072K, 100% used [0x00000000d5580000,0x00000000d5880000,0x00000000d5880000)
  from space 1024K, 40% used [0x00000000d5a00000,0x00000000d5a68000,0x00000000d5b00000)
  to   space 512K, 0% used [0x00000000d5b00000,0x00000000d5b00000,0x00000000d5b80000)
 ParOldGen       total 483840K, used 228911K [0x0000000080000000, 0x000000009d880000, 0x00000000d5580000)
  object space 483840K, 47% used [0x0000000080000000,0x000000008df8be90,0x000000009d880000)
 Metaspace       used 81247K, committed 82944K, reserved 1179648K
  class space    used 8330K, committed 9088K, reserved 1048576K
}
Event: 1751.616 GC heap after
{Heap after GC invocations=2268 (full 4):
 PSYoungGen      total 3584K, used 512K [0x00000000d5580000, 0x00000000d5c80000, 0x0000000100000000)
  eden space 3072K, 0% used [0x00000000d5580000,0x00000000d5580000,0x00000000d5880000)
  from space 512K, 100% used [0x00000000d5b00000,0x00000000d5b80000,0x00000000d5b80000)
  to   space 2048K, 0% used [0x00000000d5880000,0x00000000d5880000,0x00000000d5a80000)
 ParOldGen       total 483840K, used 229822K [0x0000000080000000, 0x000000009d880000, 0x00000000d5580000)
  object space 483840K, 47% used [0x0000000080000000,0x000000008e06fb90,0x000000009d880000)
 Metaspace       used 81247K, committed 82944K, reserved 1179648K
  class space    used 8330K, committed 9088K, reserved 1048576K
}
Event: 1751.623 GC heap before
{Heap before GC invocations=2269 (full 4):
 PSYoungGen      total 3584K, used 3584K [0x00000000d5580000, 0x00000000d5c80000, 0x0000000100000000)
  eden space 3072K, 100% used [0x00000000d5580000,0x00000000d5880000,0x00000000d5880000)
  from space 512K, 100% used [0x00000000d5b00000,0x00000000d5b80000,0x00000000d5b80000)
  to   space 2048K, 0% used [0x00000000d5880000,0x00000000d5880000,0x00000000d5a80000)
 ParOldGen       total 483840K, used 229822K [0x0000000080000000, 0x000000009d880000, 0x00000000d5580000)
  object space 483840K, 47% used [0x0000000080000000,0x000000008e06fb90,0x000000009d880000)
 Metaspace       used 81247K, committed 82944K, reserved 1179648K
  class space    used 8330K, committed 9088K, reserved 1048576K
}
Event: 1751.625 GC heap after
{Heap after GC invocations=2269 (full 4):
 PSYoungGen      total 5120K, used 2048K [0x00000000d5580000, 0x00000000d5f80000, 0x0000000100000000)
  eden space 3072K, 0% used [0x00000000d5580000,0x00000000d5580000,0x00000000d5880000)
  from space 2048K, 100% used [0x00000000d5880000,0x00000000d5a80000,0x00000000d5a80000)
  to   space 3584K, 0% used [0x00000000d5c00000,0x00000000d5c00000,0x00000000d5f80000)
 ParOldGen       total 483840K, used 230899K [0x0000000080000000, 0x000000009d880000, 0x00000000d5580000)
  object space 483840K, 47% used [0x0000000080000000,0x000000008e17cd90,0x000000009d880000)
 Metaspace       used 81247K, committed 82944K, reserved 1179648K
  class space    used 8330K, committed 9088K, reserved 1048576K
}
Event: 1751.631 GC heap before
{Heap before GC invocations=2270 (full 4):
 PSYoungGen      total 5120K, used 5120K [0x00000000d5580000, 0x00000000d5f80000, 0x0000000100000000)
  eden space 3072K, 100% used [0x00000000d5580000,0x00000000d5880000,0x00000000d5880000)
  from space 2048K, 100% used [0x00000000d5880000,0x00000000d5a80000,0x00000000d5a80000)
  to   space 3584K, 0% used [0x00000000d5c00000,0x00000000d5c00000,0x00000000d5f80000)
 ParOldGen       total 483840K, used 230899K [0x0000000080000000, 0x000000009d880000, 0x00000000d5580000)
  object space 483840K, 47% used [0x0000000080000000,0x000000008e17cd90,0x000000009d880000)
 Metaspace       used 81247K, committed 82944K, reserved 1179648K
  class space    used 8330K, committed 9088K, reserved 1048576K
}
Event: 1751.634 GC heap after
{Heap after GC invocations=2270 (full 4):
 PSYoungGen      total 6144K, used 2991K [0x00000000d5580000, 0x00000000d5f00000, 0x0000000100000000)
  eden space 3072K, 0% used [0x00000000d5580000,0x00000000d5580000,0x00000000d5880000)
  from space 3072K, 97% used [0x00000000d5c00000,0x00000000d5eebd00,0x00000000d5f00000)
  to   space 3072K, 0% used [0x00000000d5900000,0x00000000d5900000,0x00000000d5c00000)
 ParOldGen       total 483840K, used 233027K [0x0000000080000000, 0x000000009d880000, 0x00000000d5580000)
  object space 483840K, 48% used [0x0000000080000000,0x000000008e390d90,0x000000009d880000)
 Metaspace       used 81247K, committed 82944K, reserved 1179648K
  class space    used 8330K, committed 9088K, reserved 1048576K
}
Event: 1751.678 GC heap before
{Heap before GC invocations=2271 (full 4):
 PSYoungGen      total 6144K, used 6063K [0x00000000d5580000, 0x00000000d5f00000, 0x0000000100000000)
  eden space 3072K, 100% used [0x00000000d5580000,0x00000000d5880000,0x00000000d5880000)
  from space 3072K, 97% used [0x00000000d5c00000,0x00000000d5eebd00,0x00000000d5f00000)
  to   space 3072K, 0% used [0x00000000d5900000,0x00000000d5900000,0x00000000d5c00000)
 ParOldGen       total 483840K, used 233027K [0x0000000080000000, 0x000000009d880000, 0x00000000d5580000)
  object space 483840K, 48% used [0x0000000080000000,0x000000008e390d90,0x000000009d880000)
 Metaspace       used 81249K, committed 82944K, reserved 1179648K
  class space    used 8330K, committed 9088K, reserved 1048576K
}
Event: 1751.680 GC heap after
{Heap after GC invocations=2271 (full 4):
 PSYoungGen      total 3584K, used 480K [0x00000000d5580000, 0x00000000d5c80000, 0x0000000100000000)
  eden space 3072K, 0% used [0x00000000d5580000,0x00000000d5580000,0x00000000d5880000)
  from space 512K, 93% used [0x00000000d5900000,0x00000000d5978000,0x00000000d5980000)
  to   space 1536K, 0% used [0x00000000d5b00000,0x00000000d5b00000,0x00000000d5c80000)
 ParOldGen       total 483840K, used 233187K [0x0000000080000000, 0x000000009d880000, 0x00000000d5580000)
  object space 483840K, 48% used [0x0000000080000000,0x000000008e3b8d90,0x000000009d880000)
 Metaspace       used 81249K, committed 82944K, reserved 1179648K
  class space    used 8330K, committed 9088K, reserved 1048576K
}
Event: 1751.702 GC heap before
{Heap before GC invocations=2272 (full 4):
 PSYoungGen      total 3584K, used 3552K [0x00000000d5580000, 0x00000000d5c80000, 0x0000000100000000)
  eden space 3072K, 100% used [0x00000000d5580000,0x00000000d5880000,0x00000000d5880000)
  from space 512K, 93% used [0x00000000d5900000,0x00000000d5978000,0x00000000d5980000)
  to   space 1536K, 0% used [0x00000000d5b00000,0x00000000d5b00000,0x00000000d5c80000)
 ParOldGen       total 483840K, used 233187K [0x0000000080000000, 0x000000009d880000, 0x00000000d5580000)
  object space 483840K, 48% used [0x0000000080000000,0x000000008e3b8d90,0x000000009d880000)
 Metaspace       used 81253K, committed 82944K, reserved 1179648K
  class space    used 8330K, committed 9088K, reserved 1048576K
}
Event: 1751.703 GC heap after
{Heap after GC invocations=2272 (full 4):
 PSYoungGen      total 3584K, used 442K [0x00000000d5580000, 0x00000000d5b80000, 0x0000000100000000)
  eden space 3072K, 0% used [0x00000000d5580000,0x00000000d5580000,0x00000000d5880000)
  from space 512K, 86% used [0x00000000d5b00000,0x00000000d5b6e900,0x00000000d5b80000)
  to   space 1024K, 0% used [0x00000000d5980000,0x00000000d5980000,0x00000000d5a80000)
 ParOldGen       total 483840K, used 233283K [0x0000000080000000, 0x000000009d880000, 0x00000000d5580000)
  object space 483840K, 48% used [0x0000000080000000,0x000000008e3d0d90,0x000000009d880000)
 Metaspace       used 81253K, committed 82944K, reserved 1179648K
  class space    used 8330K, committed 9088K, reserved 1048576K
}
Event: 1751.707 GC heap before
{Heap before GC invocations=2273 (full 4):
 PSYoungGen      total 3584K, used 3514K [0x00000000d5580000, 0x00000000d5b80000, 0x0000000100000000)
  eden space 3072K, 100% used [0x00000000d5580000,0x00000000d5880000,0x00000000d5880000)
  from space 512K, 86% used [0x00000000d5b00000,0x00000000d5b6e900,0x00000000d5b80000)
  to   space 1024K, 0% used [0x00000000d5980000,0x00000000d5980000,0x00000000d5a80000)
 ParOldGen       total 483840K, used 233283K [0x0000000080000000, 0x000000009d880000, 0x00000000d5580000)
  object space 483840K, 48% used [0x0000000080000000,0x000000008e3d0d90,0x000000009d880000)
 Metaspace       used 81253K, committed 82944K, reserved 1179648K
  class space    used 8330K, committed 9088K, reserved 1048576K
}
Event: 1751.708 GC heap after
{Heap after GC invocations=2273 (full 4):
 PSYoungGen      total 4096K, used 480K [0x00000000d5580000, 0x00000000d5b80000, 0x0000000100000000)
  eden space 3072K, 0% used [0x00000000d5580000,0x00000000d5580000,0x00000000d5880000)
  from space 1024K, 46% used [0x00000000d5980000,0x00000000d59f8000,0x00000000d5a80000)
  to   space 512K, 0% used [0x00000000d5b00000,0x00000000d5b00000,0x00000000d5b80000)
 ParOldGen       total 483840K, used 233492K [0x0000000080000000, 0x000000009d880000, 0x00000000d5580000)
  object space 483840K, 48% used [0x0000000080000000,0x000000008e405190,0x000000009d880000)
 Metaspace       used 81253K, committed 82944K, reserved 1179648K
  class space    used 8330K, committed 9088K, reserved 1048576K
}
Event: 1751.767 GC heap before
{Heap before GC invocations=2274 (full 4):
 PSYoungGen      total 4096K, used 3490K [0x00000000d5580000, 0x00000000d5b80000, 0x0000000100000000)
  eden space 3072K, 97% used [0x00000000d5580000,0x00000000d5870978,0x00000000d5880000)
  from space 1024K, 46% used [0x00000000d5980000,0x00000000d59f8000,0x00000000d5a80000)
  to   space 512K, 0% used [0x00000000d5b00000,0x00000000d5b00000,0x00000000d5b80000)
 ParOldGen       total 483840K, used 233492K [0x0000000080000000, 0x000000009d880000, 0x00000000d5580000)
  object space 483840K, 48% used [0x0000000080000000,0x000000008e405190,0x000000009d880000)
 Metaspace       used 81261K, committed 82944K, reserved 1179648K
  class space    used 8330K, committed 9088K, reserved 1048576K
}
Event: 1751.769 GC heap after
{Heap after GC invocations=2274 (full 4):
 PSYoungGen      total 3584K, used 487K [0x00000000d5580000, 0x00000000d5b80000, 0x0000000100000000)
  eden space 3072K, 0% used [0x00000000d5580000,0x00000000d5580000,0x00000000d5880000)
  from space 512K, 95% used [0x00000000d5b00000,0x00000000d5b79e80,0x00000000d5b80000)
  to   space 1024K, 0% used [0x00000000d5980000,0x00000000d5980000,0x00000000d5a80000)
 ParOldGen       total 483840K, used 233556K [0x0000000080000000, 0x000000009d880000, 0x00000000d5580000)
  object space 483840K, 48% used [0x0000000080000000,0x000000008e415190,0x000000009d880000)
 Metaspace       used 81261K, committed 82944K, reserved 1179648K
  class space    used 8330K, committed 9088K, reserved 1048576K
}
Event: 1751.774 GC heap before
{Heap before GC invocations=2275 (full 4):
 PSYoungGen      total 3584K, used 3559K [0x00000000d5580000, 0x00000000d5b80000, 0x0000000100000000)
  eden space 3072K, 100% used [0x00000000d5580000,0x00000000d5880000,0x00000000d5880000)
  from space 512K, 95% used [0x00000000d5b00000,0x00000000d5b79e80,0x00000000d5b80000)
  to   space 1024K, 0% used [0x00000000d5980000,0x00000000d5980000,0x00000000d5a80000)
 ParOldGen       total 483840K, used 233556K [0x0000000080000000, 0x000000009d880000, 0x00000000d5580000)
  object space 483840K, 48% used [0x0000000080000000,0x000000008e415190,0x000000009d880000)
 Metaspace       used 81261K, committed 82944K, reserved 1179648K
  class space    used 8330K, committed 9088K, reserved 1048576K
}
Event: 1751.777 GC heap after
{Heap after GC invocations=2275 (full 4):
 PSYoungGen      total 4096K, used 999K [0x00000000d5580000, 0x00000000d6080000, 0x0000000100000000)
  eden space 3072K, 0% used [0x00000000d5580000,0x00000000d5580000,0x00000000d5880000)
  from space 1024K, 97% used [0x00000000d5980000,0x00000000d5a79e80,0x00000000d5a80000)
  to   space 4096K, 0% used [0x00000000d5c80000,0x00000000d5c80000,0x00000000d6080000)
 ParOldGen       total 483840K, used 235872K [0x0000000080000000, 0x000000009d880000, 0x00000000d5580000)
  object space 483840K, 48% used [0x0000000080000000,0x000000008e658210,0x000000009d880000)
 Metaspace       used 81261K, committed 82944K, reserved 1179648K
  class space    used 8330K, committed 9088K, reserved 1048576K
}
Event: 1751.785 GC heap before
{Heap before GC invocations=2276 (full 4):
 PSYoungGen      total 4096K, used 4071K [0x00000000d5580000, 0x00000000d6080000, 0x0000000100000000)
  eden space 3072K, 100% used [0x00000000d5580000,0x00000000d5880000,0x00000000d5880000)
  from space 1024K, 97% used [0x00000000d5980000,0x00000000d5a79e80,0x00000000d5a80000)
  to   space 4096K, 0% used [0x00000000d5c80000,0x00000000d5c80000,0x00000000d6080000)
 ParOldGen       total 483840K, used 235872K [0x0000000080000000, 0x000000009d880000, 0x00000000d5580000)
  object space 483840K, 48% used [0x0000000080000000,0x000000008e658210,0x000000009d880000)
 Metaspace       used 81262K, committed 82944K, reserved 1179648K
  class space    used 8330K, committed 9088K, reserved 1048576K
}
Event: 1751.787 GC heap after
{Heap after GC invocations=2276 (full 4):
 PSYoungGen      total 6144K, used 2671K [0x00000000d5580000, 0x00000000d5f80000, 0x0000000100000000)
  eden space 3072K, 0% used [0x00000000d5580000,0x00000000d5580000,0x00000000d5880000)
  from space 3072K, 86% used [0x00000000d5c80000,0x00000000d5f1bd00,0x00000000d5f80000)
  to   space 3072K, 0% used [0x00000000d5980000,0x00000000d5980000,0x00000000d5c80000)
 ParOldGen       total 483840K, used 236952K [0x0000000080000000, 0x000000009d880000, 0x00000000d5580000)
  object space 483840K, 48% used [0x0000000080000000,0x000000008e766090,0x000000009d880000)
 Metaspace       used 81262K, committed 82944K, reserved 1179648K
  class space    used 8330K, committed 9088K, reserved 1048576K
}

