# JRE version: OpenJDK Runtime Environment Temurin-21.0.10+7 (21.0.10+7) (build 21.0.10+7-LTS)
# Java VM: OpenJDK 64-Bit Server VM Temurin-21.0.10+7 (21.0.10+7-LTS, mixed mode, sharing, tiered, compressed oops, compressed class ptrs, parallel gc, windows-amd64)
GC Precious Log:
 CardTable entry size: 512
 CPUs: 12 total, 12 available
 Memory: 16021M
 Large Page Support: Disabled
 NUMA Support: Disabled
 Compressed Oops: Enabled (32-bit)
 Alignments: Space 512K, Generation 512K, Heap 2M
 Heap Min Capacity: 100M
 Heap Initial Capacity: 100M
 Heap Max Capacity: 2G
 Pre-touch: Disabled
 Parallel Workers: 10
Heap:
 PSYoungGen      total 7680K, used 4080K [0x00000000d5580000, 0x00000000d5f80000, 0x0000000100000000)
  eden space 6144K, 41% used [0x00000000d5580000,0x00000000d57fc388,0x00000000d5b80000)
  from space 1536K, 100% used [0x00000000d5b80000,0x00000000d5d00000,0x00000000d5d00000)
  to   space 2048K, 0% used [0x00000000d5d80000,0x00000000d5d80000,0x00000000d5f80000)
 ParOldGen       total 886272K, used 588396K [0x0000000080000000, 0x00000000b6180000, 0x00000000d5580000)
  object space 886272K, 66% used [0x0000000080000000,0x00000000a3e9b1c8,0x00000000b6180000)
 Metaspace       used 81925K, committed 83648K, reserved 1179648K
  class space    used 8442K, committed 9280K, reserved 1048576K
GC Heap History (20 events):
Event: 726.189 GC heap before
{Heap before GC invocations=1616 (full 4):
 PSYoungGen      total 7680K, used 6624K [0x00000000d5580000, 0x00000000d6100000, 0x0000000100000000)
  eden space 3584K, 100% used [0x00000000d5580000,0x00000000d5900000,0x00000000d5900000)
  from space 4096K, 74% used [0x00000000d5900000,0x00000000d5bf8000,0x00000000d5d00000)
  to   space 3584K, 0% used [0x00000000d5d80000,0x00000000d5d80000,0x00000000d6100000)
 ParOldGen       total 886272K, used 563077K [0x0000000080000000, 0x00000000b6180000, 0x00000000d5580000)
  object space 886272K, 63% used [0x0000000080000000,0x00000000a25e1598,0x00000000b6180000)
 Metaspace       used 81841K, committed 83584K, reserved 1179648K
  class space    used 8442K, committed 9280K, reserved 1048576K
}
Event: 726.193 GC heap after
{Heap after GC invocations=1616 (full 4):
 PSYoungGen      total 7168K, used 2400K [0x00000000d5580000, 0x00000000d6000000, 0x0000000100000000)
  eden space 4608K, 0% used [0x00000000d5580000,0x00000000d5580000,0x00000000d5a00000)
  from space 2560K, 93% used [0x00000000d5d80000,0x00000000d5fd8000,0x00000000d6000000)
  to   space 3072K, 0% used [0x00000000d5a00000,0x00000000d5a00000,0x00000000d5d00000)
 ParOldGen       total 886272K, used 566034K [0x0000000080000000, 0x00000000b6180000, 0x00000000d5580000)
  object space 886272K, 63% used [0x0000000080000000,0x00000000a28c4838,0x00000000b6180000)
 Metaspace       used 81841K, committed 83584K, reserved 1179648K
  class space    used 8442K, committed 9280K, reserved 1048576K
}
Event: 726.201 GC heap before
{Heap before GC invocations=1617 (full 4):
 PSYoungGen      total 7168K, used 7008K [0x00000000d5580000, 0x00000000d6000000, 0x0000000100000000)
  eden space 4608K, 100% used [0x00000000d5580000,0x00000000d5a00000,0x00000000d5a00000)
  from space 2560K, 93% used [0x00000000d5d80000,0x00000000d5fd8000,0x00000000d6000000)
  to   space 3072K, 0% used [0x00000000d5a00000,0x00000000d5a00000,0x00000000d5d00000)
 ParOldGen       total 886272K, used 566034K [0x0000000080000000, 0x00000000b6180000, 0x00000000d5580000)
  object space 886272K, 63% used [0x0000000080000000,0x00000000a28c4838,0x00000000b6180000)
 Metaspace       used 81852K, committed 83584K, reserved 1179648K
  class space    used 8442K, committed 9280K, reserved 1048576K
}
Event: 726.204 GC heap after
{Heap after GC invocations=1617 (full 4):
 PSYoungGen      total 7680K, used 2432K [0x00000000d5580000, 0x00000000d6000000, 0x0000000100000000)
  eden space 4608K, 0% used [0x00000000d5580000,0x00000000d5580000,0x00000000d5a00000)
  from space 3072K, 79% used [0x00000000d5a00000,0x00000000d5c60000,0x00000000d5d00000)
  to   space 2560K, 0% used [0x00000000d5d80000,0x00000000d5d80000,0x00000000d6000000)
 ParOldGen       total 886272K, used 568282K [0x0000000080000000, 0x00000000b6180000, 0x00000000d5580000)
  object space 886272K, 64% used [0x0000000080000000,0x00000000a2af6838,0x00000000b6180000)
 Metaspace       used 81852K, committed 83584K, reserved 1179648K
  class space    used 8442K, committed 9280K, reserved 1048576K
}
Event: 726.212 GC heap before
{Heap before GC invocations=1618 (full 4):
 PSYoungGen      total 7680K, used 7040K [0x00000000d5580000, 0x00000000d6000000, 0x0000000100000000)
  eden space 4608K, 100% used [0x00000000d5580000,0x00000000d5a00000,0x00000000d5a00000)
  from space 3072K, 79% used [0x00000000d5a00000,0x00000000d5c60000,0x00000000d5d00000)
  to   space 2560K, 0% used [0x00000000d5d80000,0x00000000d5d80000,0x00000000d6000000)
 ParOldGen       total 886272K, used 568282K [0x0000000080000000, 0x00000000b6180000, 0x00000000d5580000)
  object space 886272K, 64% used [0x0000000080000000,0x00000000a2af6838,0x00000000b6180000)
 Metaspace       used 81853K, committed 83584K, reserved 1179648K
  class space    used 8442K, committed 9280K, reserved 1048576K
}
Event: 726.216 GC heap after
{Heap after GC invocations=1618 (full 4):
 PSYoungGen      total 7680K, used 1632K [0x00000000d5580000, 0x00000000d5f80000, 0x0000000100000000)
  eden space 5632K, 0% used [0x00000000d5580000,0x00000000d5580000,0x00000000d5b00000)
  from space 2048K, 79% used [0x00000000d5d80000,0x00000000d5f18000,0x00000000d5f80000)
  to   space 2048K, 0% used [0x00000000d5b80000,0x00000000d5b80000,0x00000000d5d80000)
 ParOldGen       total 886272K, used 570327K [0x0000000080000000, 0x00000000b6180000, 0x00000000d5580000)
  object space 886272K, 64% used [0x0000000080000000,0x00000000a2cf5cc8,0x00000000b6180000)
 Metaspace       used 81853K, committed 83584K, reserved 1179648K
  class space    used 8442K, committed 9280K, reserved 1048576K
}
Event: 726.247 GC heap before
{Heap before GC invocations=1619 (full 4):
 PSYoungGen      total 7680K, used 7264K [0x00000000d5580000, 0x00000000d5f80000, 0x0000000100000000)
  eden space 5632K, 100% used [0x00000000d5580000,0x00000000d5b00000,0x00000000d5b00000)
  from space 2048K, 79% used [0x00000000d5d80000,0x00000000d5f18000,0x00000000d5f80000)
  to   space 2048K, 0% used [0x00000000d5b80000,0x00000000d5b80000,0x00000000d5d80000)
 ParOldGen       total 886272K, used 570327K [0x0000000080000000, 0x00000000b6180000, 0x00000000d5580000)
  object space 886272K, 64% used [0x0000000080000000,0x00000000a2cf5cc8,0x00000000b6180000)
 Metaspace       used 81864K, committed 83584K, reserved 1179648K
  class space    used 8442K, committed 9280K, reserved 1048576K
}
Event: 726.251 GC heap after
{Heap after GC invocations=1619 (full 4):
 PSYoungGen      total 8192K, used 2048K [0x00000000d5580000, 0x00000000d6680000, 0x0000000100000000)
  eden space 6144K, 0% used [0x00000000d5580000,0x00000000d5580000,0x00000000d5b80000)
  from space 2048K, 100% used [0x00000000d5b80000,0x00000000d5d80000,0x00000000d5d80000)
  to   space 5120K, 0% used [0x00000000d6180000,0x00000000d6180000,0x00000000d6680000)
 ParOldGen       total 886272K, used 572823K [0x0000000080000000, 0x00000000b6180000, 0x00000000d5580000)
  object space 886272K, 64% used [0x0000000080000000,0x00000000a2f65d08,0x00000000b6180000)
 Metaspace       used 81864K, committed 83584K, reserved 1179648K
  class space    used 8442K, committed 9280K, reserved 1048576K
}
Event: 726.280 GC heap before
{Heap before GC invocations=1620 (full 4):
 PSYoungGen      total 8192K, used 8192K [0x00000000d5580000, 0x00000000d6680000, 0x0000000100000000)
  eden space 6144K, 100% used [0x00000000d5580000,0x00000000d5b80000,0x00000000d5b80000)
  from space 2048K, 100% used [0x00000000d5b80000,0x00000000d5d80000,0x00000000d5d80000)
  to   space 5120K, 0% used [0x00000000d6180000,0x00000000d6180000,0x00000000d6680000)
 ParOldGen       total 886272K, used 572823K [0x0000000080000000, 0x00000000b6180000, 0x00000000d5580000)
  object space 886272K, 64% used [0x0000000080000000,0x00000000a2f65d08,0x00000000b6180000)
 Metaspace       used 81864K, committed 83584K, reserved 1179648K
  class space    used 8442K, committed 9280K, reserved 1048576K
}
Event: 726.284 GC heap after
{Heap after GC invocations=1620 (full 4):
 PSYoungGen      total 8192K, used 5088K [0x00000000d5580000, 0x00000000d6f00000, 0x0000000100000000)
  eden space 3072K, 0% used [0x00000000d5580000,0x00000000d5580000,0x00000000d5880000)
  from space 5120K, 99% used [0x00000000d6180000,0x00000000d6678070,0x00000000d6680000)
  to   space 9216K, 0% used [0x00000000d5880000,0x00000000d5880000,0x00000000d6180000)
 ParOldGen       total 886272K, used 575959K [0x0000000080000000, 0x00000000b6180000, 0x00000000d5580000)
  object space 886272K, 64% used [0x0000000080000000,0x00000000a3275d18,0x00000000b6180000)
 Metaspace       used 81864K, committed 83584K, reserved 1179648K
  class space    used 8442K, committed 9280K, reserved 1048576K
}
Event: 726.289 GC heap before
{Heap before GC invocations=1621 (full 4):
 PSYoungGen      total 8192K, used 8160K [0x00000000d5580000, 0x00000000d6f00000, 0x0000000100000000)
  eden space 3072K, 100% used [0x00000000d5580000,0x00000000d5880000,0x00000000d5880000)
  from space 5120K, 99% used [0x00000000d6180000,0x00000000d6678070,0x00000000d6680000)
  to   space 9216K, 0% used [0x00000000d5880000,0x00000000d5880000,0x00000000d6180000)
 ParOldGen       total 886272K, used 575959K [0x0000000080000000, 0x00000000b6180000, 0x00000000d5580000)
  object space 886272K, 64% used [0x0000000080000000,0x00000000a3275d18,0x00000000b6180000)
 Metaspace       used 81864K, committed 83584K, reserved 1179648K
  class space    used 8442K, committed 9280K, reserved 1048576K
}
Event: 726.295 GC heap after
{Heap after GC invocations=1621 (full 4):
 PSYoungGen      total 6656K, used 3136K [0x00000000d5580000, 0x00000000d6380000, 0x0000000100000000)
  eden space 3072K, 0% used [0x00000000d5580000,0x00000000d5580000,0x00000000d5880000)
  from space 3584K, 87% used [0x00000000d5880000,0x00000000d5b90000,0x00000000d5c00000)
  to   space 5120K, 0% used [0x00000000d5e80000,0x00000000d5e80000,0x00000000d6380000)
 ParOldGen       total 886272K, used 581143K [0x0000000080000000, 0x00000000b6180000, 0x00000000d5580000)
  object space 886272K, 65% used [0x0000000080000000,0x00000000a3785d88,0x00000000b6180000)
 Metaspace       used 81864K, committed 83584K, reserved 1179648K
  class space    used 8442K, committed 9280K, reserved 1048576K
}
Event: 726.309 GC heap before
{Heap before GC invocations=1622 (full 4):
 PSYoungGen      total 6656K, used 6208K [0x00000000d5580000, 0x00000000d6380000, 0x0000000100000000)
  eden space 3072K, 100% used [0x00000000d5580000,0x00000000d5880000,0x00000000d5880000)
  from space 3584K, 87% used [0x00000000d5880000,0x00000000d5b90000,0x00000000d5c00000)
  to   space 5120K, 0% used [0x00000000d5e80000,0x00000000d5e80000,0x00000000d6380000)
 ParOldGen       total 886272K, used 581143K [0x0000000080000000, 0x00000000b6180000, 0x00000000d5580000)
  object space 886272K, 65% used [0x0000000080000000,0x00000000a3785d88,0x00000000b6180000)
 Metaspace       used 81864K, committed 83584K, reserved 1179648K
  class space    used 8442K, committed 9280K, reserved 1048576K
}
Event: 726.314 GC heap after
{Heap after GC invocations=1622 (full 4):
 PSYoungGen      total 6656K, used 2272K [0x00000000d5580000, 0x00000000d6100000, 0x0000000100000000)
  eden space 4096K, 0% used [0x00000000d5580000,0x00000000d5580000,0x00000000d5980000)
  from space 2560K, 88% used [0x00000000d5e80000,0x00000000d60b8000,0x00000000d6100000)
  to   space 3072K, 0% used [0x00000000d5b00000,0x00000000d5b00000,0x00000000d5e00000)
 ParOldGen       total 886272K, used 584239K [0x0000000080000000, 0x00000000b6180000, 0x00000000d5580000)
  object space 886272K, 65% used [0x0000000080000000,0x00000000a3a8bd88,0x00000000b6180000)
 Metaspace       used 81864K, committed 83584K, reserved 1179648K
  class space    used 8442K, committed 9280K, reserved 1048576K
}
Event: 726.338 GC heap before
{Heap before GC invocations=1623 (full 4):
 PSYoungGen      total 6656K, used 6368K [0x00000000d5580000, 0x00000000d6100000, 0x0000000100000000)
  eden space 4096K, 100% used [0x00000000d5580000,0x00000000d5980000,0x00000000d5980000)
  from space 2560K, 88% used [0x00000000d5e80000,0x00000000d60b8000,0x00000000d6100000)
  to   space 3072K, 0% used [0x00000000d5b00000,0x00000000d5b00000,0x00000000d5e00000)
 ParOldGen       total 886272K, used 584239K [0x0000000080000000, 0x00000000b6180000, 0x00000000d5580000)
  object space 886272K, 65% used [0x0000000080000000,0x00000000a3a8bd88,0x00000000b6180000)
 Metaspace       used 81864K, committed 83584K, reserved 1179648K
  class space    used 8442K, committed 9280K, reserved 1048576K
}
Event: 726.342 GC heap after
{Heap after GC invocations=1623 (full 4):
 PSYoungGen      total 6656K, used 1376K [0x00000000d5580000, 0x00000000d5f00000, 0x0000000100000000)
  eden space 5120K, 0% used [0x00000000d5580000,0x00000000d5580000,0x00000000d5a80000)
  from space 1536K, 89% used [0x00000000d5b00000,0x00000000d5c58000,0x00000000d5c80000)
  to   space 2048K, 0% used [0x00000000d5d00000,0x00000000d5d00000,0x00000000d5f00000)
 ParOldGen       total 886272K, used 586423K [0x0000000080000000, 0x00000000b6180000, 0x00000000d5580000)
  object space 886272K, 66% used [0x0000000080000000,0x00000000a3cadd88,0x00000000b6180000)
 Metaspace       used 81864K, committed 83584K, reserved 1179648K
  class space    used 8442K, committed 9280K, reserved 1048576K
}
Event: 726.347 GC heap before
{Heap before GC invocations=1624 (full 4):
 PSYoungGen      total 6656K, used 6496K [0x00000000d5580000, 0x00000000d5f00000, 0x0000000100000000)
  eden space 5120K, 100% used [0x00000000d5580000,0x00000000d5a80000,0x00000000d5a80000)
  from space 1536K, 89% used [0x00000000d5b00000,0x00000000d5c58000,0x00000000d5c80000)
  to   space 2048K, 0% used [0x00000000d5d00000,0x00000000d5d00000,0x00000000d5f00000)
 ParOldGen       total 886272K, used 586423K [0x0000000080000000, 0x00000000b6180000, 0x00000000d5580000)
  object space 886272K, 66% used [0x0000000080000000,0x00000000a3cadd88,0x00000000b6180000)
 Metaspace       used 81868K, committed 83584K, reserved 1179648K
  class space    used 8442K, committed 9280K, reserved 1048576K
}
Event: 726.350 GC heap after
{Heap after GC invocations=1624 (full 4):
 PSYoungGen      total 7680K, used 928K [0x00000000d5580000, 0x00000000d5e80000, 0x0000000100000000)
  eden space 6144K, 0% used [0x00000000d5580000,0x00000000d5580000,0x00000000d5b80000)
  from space 1536K, 60% used [0x00000000d5d00000,0x00000000d5de8000,0x00000000d5e80000)
  to   space 1536K, 0% used [0x00000000d5b80000,0x00000000d5b80000,0x00000000d5d00000)
 ParOldGen       total 886272K, used 587641K [0x0000000080000000, 0x00000000b6180000, 0x00000000d5580000)
  object space 886272K, 66% used [0x0000000080000000,0x00000000a3dde718,0x00000000b6180000)
 Metaspace       used 81868K, committed 83584K, reserved 1179648K
  class space    used 8442K, committed 9280K, reserved 1048576K
}
Event: 726.858 GC heap before
{Heap before GC invocations=1625 (full 4):
 PSYoungGen      total 7680K, used 7072K [0x00000000d5580000, 0x00000000d5e80000, 0x0000000100000000)
  eden space 6144K, 100% used [0x00000000d5580000,0x00000000d5b80000,0x00000000d5b80000)
  from space 1536K, 60% used [0x00000000d5d00000,0x00000000d5de8000,0x00000000d5e80000)
  to   space 1536K, 0% used [0x00000000d5b80000,0x00000000d5b80000,0x00000000d5d00000)
 ParOldGen       total 886272K, used 587641K [0x0000000080000000, 0x00000000b6180000, 0x00000000d5580000)
  object space 886272K, 66% used [0x0000000080000000,0x00000000a3dde718,0x00000000b6180000)
 Metaspace       used 81911K, committed 83648K, reserved 1179648K
  class space    used 8442K, committed 9280K, reserved 1048576K
}
Event: 726.860 GC heap after
{Heap after GC invocations=1625 (full 4):
 PSYoungGen      total 7680K, used 1536K [0x00000000d5580000, 0x00000000d5f80000, 0x0000000100000000)
  eden space 6144K, 0% used [0x00000000d5580000,0x00000000d5580000,0x00000000d5b80000)
  from space 1536K, 100% used [0x00000000d5b80000,0x00000000d5d00000,0x00000000d5d00000)
  to   space 2048K, 0% used [0x00000000d5d80000,0x00000000d5d80000,0x00000000d5f80000)
 ParOldGen       total 886272K, used 588396K [0x0000000080000000, 0x00000000b6180000, 0x00000000d5580000)
  object space 886272K, 66% used [0x0000000080000000,0x00000000a3e9b1c8,0x00000000b6180000)
 Metaspace       used 81911K, committed 83648K, reserved 1179648K
  class space    used 8442K, committed 9280K, reserved 1048576K
}

